Warning: you requested the nanomsg event logger, but bmv2 was compiled without -DBMELOG, and the event logger cannot be activated
Calling target program-options parser
[11:24:56.053] [bmv2] [D] [thread 6569] Set default default entry for table 'tbl_ATP_switch99': ATP_switch99 - 
[11:24:56.053] [bmv2] [D] [thread 6569] Set default default entry for table 'MyIngress.pool_access': NoAction - 
[11:24:56.053] [bmv2] [D] [thread 6569] Set default default entry for table 'tbl_sum': MyIngress.sum - 
[11:24:56.053] [bmv2] [D] [thread 6569] Set default default entry for table 'tbl_sum_0': MyIngress.sum - 
[11:24:56.053] [bmv2] [D] [thread 6569] Set default default entry for table 'tbl_sum_1': MyIngress.sum - 
[11:24:56.053] [bmv2] [D] [thread 6569] Set default default entry for table 'tbl_sum_2': MyIngress.sum - 
[11:24:56.053] [bmv2] [D] [thread 6569] Set default default entry for table 'tbl_sum_3': MyIngress.sum - 
[11:24:56.053] [bmv2] [D] [thread 6569] Set default default entry for table 'tbl_sum_4': MyIngress.sum - 
[11:24:56.053] [bmv2] [D] [thread 6569] Set default default entry for table 'tbl_sum_5': MyIngress.sum - 
[11:24:56.053] [bmv2] [D] [thread 6569] Set default default entry for table 'tbl_sum_6': MyIngress.sum - 
[11:24:56.053] [bmv2] [D] [thread 6569] Set default default entry for table 'tbl_sum_7': MyIngress.sum - 
[11:24:56.053] [bmv2] [D] [thread 6569] Set default default entry for table 'tbl_sum_8': MyIngress.sum - 
[11:24:56.053] [bmv2] [D] [thread 6569] Set default default entry for table 'tbl_increase_counter': MyIngress.increase_counter - 
[11:24:56.053] [bmv2] [D] [thread 6569] Set default default entry for table 'tbl_ATP_switch86': ATP_switch86 - 
[11:24:56.053] [bmv2] [D] [thread 6569] Set default default entry for table 'MyIngress.workers4job': NoAction - 
[11:24:56.053] [bmv2] [D] [thread 6569] Set default default entry for table 'tbl_ATP_switch133': ATP_switch133 - 
[11:24:56.053] [bmv2] [D] [thread 6569] Set default default entry for table 'tbl_sum_9': MyIngress.sum - 
[11:24:56.053] [bmv2] [D] [thread 6569] Set default default entry for table 'tbl_sum_10': MyIngress.sum - 
[11:24:56.053] [bmv2] [D] [thread 6569] Set default default entry for table 'tbl_sum_11': MyIngress.sum - 
[11:24:56.053] [bmv2] [D] [thread 6569] Set default default entry for table 'tbl_sum_12': MyIngress.sum - 
[11:24:56.053] [bmv2] [D] [thread 6569] Set default default entry for table 'tbl_sum_13': MyIngress.sum - 
[11:24:56.053] [bmv2] [D] [thread 6569] Set default default entry for table 'tbl_sum_14': MyIngress.sum - 
[11:24:56.053] [bmv2] [D] [thread 6569] Set default default entry for table 'tbl_sum_15': MyIngress.sum - 
[11:24:56.053] [bmv2] [D] [thread 6569] Set default default entry for table 'tbl_sum_16': MyIngress.sum - 
[11:24:56.053] [bmv2] [D] [thread 6569] Set default default entry for table 'tbl_sum_17': MyIngress.sum - 
[11:24:56.053] [bmv2] [D] [thread 6569] Set default default entry for table 'tbl_sum_18': MyIngress.sum - 
[11:24:56.053] [bmv2] [D] [thread 6569] Set default default entry for table 'tbl_increase_counter_0': MyIngress.increase_counter - 
[11:24:56.053] [bmv2] [D] [thread 6569] Set default default entry for table 'tbl_ATP_switch154': ATP_switch154 - 
Adding interface s2-eth1 as port 1
[11:24:56.061] [bmv2] [D] [thread 6569] Adding interface s2-eth1 as port 1
Adding interface s2-eth2 as port 2
[11:24:56.125] [bmv2] [D] [thread 6569] Adding interface s2-eth2 as port 2
Server listening on 0.0.0.0:9560
[11:24:56.168] [bmv2] [I] [thread 6569] Starting Thrift server on port 9091
[11:24:56.168] [bmv2] [I] [thread 6569] Thrift server was started
[11:24:56.401] [bmv2] [D] [thread 6640] Set default default entry for table 'tbl_ATP_switch99': ATP_switch99 - 
[11:24:56.401] [bmv2] [D] [thread 6640] Set default default entry for table 'MyIngress.pool_access': NoAction - 
[11:24:56.401] [bmv2] [D] [thread 6640] Set default default entry for table 'tbl_sum': MyIngress.sum - 
[11:24:56.401] [bmv2] [D] [thread 6640] Set default default entry for table 'tbl_sum_0': MyIngress.sum - 
[11:24:56.401] [bmv2] [D] [thread 6640] Set default default entry for table 'tbl_sum_1': MyIngress.sum - 
[11:24:56.401] [bmv2] [D] [thread 6640] Set default default entry for table 'tbl_sum_2': MyIngress.sum - 
[11:24:56.401] [bmv2] [D] [thread 6640] Set default default entry for table 'tbl_sum_3': MyIngress.sum - 
[11:24:56.401] [bmv2] [D] [thread 6640] Set default default entry for table 'tbl_sum_4': MyIngress.sum - 
[11:24:56.401] [bmv2] [D] [thread 6640] Set default default entry for table 'tbl_sum_5': MyIngress.sum - 
[11:24:56.401] [bmv2] [D] [thread 6640] Set default default entry for table 'tbl_sum_6': MyIngress.sum - 
[11:24:56.401] [bmv2] [D] [thread 6640] Set default default entry for table 'tbl_sum_7': MyIngress.sum - 
[11:24:56.401] [bmv2] [D] [thread 6640] Set default default entry for table 'tbl_sum_8': MyIngress.sum - 
[11:24:56.401] [bmv2] [D] [thread 6640] Set default default entry for table 'tbl_increase_counter': MyIngress.increase_counter - 
[11:24:56.401] [bmv2] [D] [thread 6640] Set default default entry for table 'tbl_ATP_switch86': ATP_switch86 - 
[11:24:56.401] [bmv2] [D] [thread 6640] Set default default entry for table 'MyIngress.workers4job': NoAction - 
[11:24:56.401] [bmv2] [D] [thread 6640] Set default default entry for table 'tbl_ATP_switch133': ATP_switch133 - 
[11:24:56.401] [bmv2] [D] [thread 6640] Set default default entry for table 'tbl_sum_9': MyIngress.sum - 
[11:24:56.401] [bmv2] [D] [thread 6640] Set default default entry for table 'tbl_sum_10': MyIngress.sum - 
[11:24:56.401] [bmv2] [D] [thread 6640] Set default default entry for table 'tbl_sum_11': MyIngress.sum - 
[11:24:56.401] [bmv2] [D] [thread 6640] Set default default entry for table 'tbl_sum_12': MyIngress.sum - 
[11:24:56.401] [bmv2] [D] [thread 6640] Set default default entry for table 'tbl_sum_13': MyIngress.sum - 
[11:24:56.401] [bmv2] [D] [thread 6640] Set default default entry for table 'tbl_sum_14': MyIngress.sum - 
[11:24:56.401] [bmv2] [D] [thread 6640] Set default default entry for table 'tbl_sum_15': MyIngress.sum - 
[11:24:56.401] [bmv2] [D] [thread 6640] Set default default entry for table 'tbl_sum_16': MyIngress.sum - 
[11:24:56.401] [bmv2] [D] [thread 6640] Set default default entry for table 'tbl_sum_17': MyIngress.sum - 
[11:24:56.401] [bmv2] [D] [thread 6640] Set default default entry for table 'tbl_sum_18': MyIngress.sum - 
[11:24:56.401] [bmv2] [D] [thread 6640] Set default default entry for table 'tbl_increase_counter_0': MyIngress.increase_counter - 
[11:24:56.401] [bmv2] [D] [thread 6640] Set default default entry for table 'tbl_ATP_switch154': ATP_switch154 - 
[11:24:56.405] [bmv2] [D] [thread 6640] simple_switch target has been notified of a config swap
