Warning: you requested the nanomsg event logger, but bmv2 was compiled without -DBMELOG, and the event logger cannot be activated
Calling target program-options parser
[12:15:13.864] [bmv2] [D] [thread 204083] Set default default entry for table 'tbl_ATP_switch112': ATP_switch112 - 
[12:15:13.864] [bmv2] [D] [thread 204083] Set default default entry for table 'MyIngress.pool_access': NoAction - 
[12:15:13.864] [bmv2] [D] [thread 204083] Set default default entry for table 'tbl_aggregate_values': MyIngress.aggregate_values - 
[12:15:13.864] [bmv2] [D] [thread 204083] Set default default entry for table 'tbl_increase_counter': MyIngress.increase_counter - 
[12:15:13.864] [bmv2] [D] [thread 204083] Set default default entry for table 'tbl_ATP_switch99': ATP_switch99 - 
[12:15:13.864] [bmv2] [D] [thread 204083] Set default default entry for table 'MyIngress.workers4job': NoAction - 
[12:15:13.864] [bmv2] [D] [thread 204083] Set default default entry for table 'tbl_ATP_switch135': ATP_switch135 - 
[12:15:13.864] [bmv2] [D] [thread 204083] Set default default entry for table 'tbl_aggregate_values_0': MyIngress.aggregate_values - 
[12:15:13.864] [bmv2] [D] [thread 204083] Set default default entry for table 'tbl_increase_counter_0': MyIngress.increase_counter - 
[12:15:13.864] [bmv2] [D] [thread 204083] Set default default entry for table 'tbl_ATP_switch146': ATP_switch146 - 
Adding interface s1-eth1 as port 1
[12:15:13.870] [bmv2] [D] [thread 204083] Adding interface s1-eth1 as port 1
Adding interface s1-eth2 as port 2
[12:15:13.935] [bmv2] [D] [thread 204083] Adding interface s1-eth2 as port 2
Adding interface s1-eth3 as port 3
[12:15:13.971] [bmv2] [D] [thread 204083] Adding interface s1-eth3 as port 3
[12:15:14.023] [bmv2] [I] [thread 204083] Starting Thrift server on port 9090
[12:15:14.023] [bmv2] [I] [thread 204083] Thrift server was started
[12:15:14.091] [bmv2] [T] [thread 204127] bm_get_config
[12:15:14.093] [bmv2] [T] [thread 204127] bm_table_add_entry
[12:15:14.093] [bmv2] [D] [thread 204127] Entry 0 added to table 'MyIngress.pool_access'
[12:15:14.093] [bmv2] [D] [thread 204127] Dumping entry 0
Match key:
* hdr.atp.aggregatorIndex: EXACT     0000
Action entry: MyIngress.aggregate - 0,

[12:15:14.093] [bmv2] [T] [thread 204127] bm_table_add_entry
[12:15:14.094] [bmv2] [D] [thread 204127] Entry 1 added to table 'MyIngress.pool_access'
[12:15:14.094] [bmv2] [D] [thread 204127] Dumping entry 1
Match key:
* hdr.atp.aggregatorIndex: EXACT     0001
Action entry: MyIngress.aggregate - a,

[12:15:14.094] [bmv2] [T] [thread 204127] bm_table_add_entry
[12:15:14.094] [bmv2] [D] [thread 204127] Entry 2 added to table 'MyIngress.pool_access'
[12:15:14.094] [bmv2] [D] [thread 204127] Dumping entry 2
Match key:
* hdr.atp.aggregatorIndex: EXACT     0002
Action entry: MyIngress.aggregate - 14,

[12:15:14.094] [bmv2] [T] [thread 204127] bm_table_add_entry
[12:15:14.094] [bmv2] [D] [thread 204127] Entry 3 added to table 'MyIngress.pool_access'
[12:15:14.094] [bmv2] [D] [thread 204127] Dumping entry 3
Match key:
* hdr.atp.aggregatorIndex: EXACT     0003
Action entry: MyIngress.aggregate - 1e,

[12:15:14.094] [bmv2] [T] [thread 204127] bm_table_add_entry
[12:15:14.094] [bmv2] [D] [thread 204127] Entry 4 added to table 'MyIngress.pool_access'
[12:15:14.094] [bmv2] [D] [thread 204127] Dumping entry 4
Match key:
* hdr.atp.aggregatorIndex: EXACT     0004
Action entry: MyIngress.aggregate - 28,

[12:15:14.094] [bmv2] [T] [thread 204127] bm_table_add_entry
[12:15:14.094] [bmv2] [D] [thread 204127] Entry 0 added to table 'MyIngress.workers4job'
[12:15:14.094] [bmv2] [D] [thread 204127] Dumping entry 0
Match key:
* hdr.atp.JobIdAndSequenceNumber[31:24]: EXACT     01
* meta.current_counter                 : EXACT     00000004
Action entry: MyIngress.clear_memory - 

[12:15:14.094] [bmv2] [T] [thread 204127] bm_table_add_entry
[12:15:14.094] [bmv2] [D] [thread 204127] Entry 1 added to table 'MyIngress.workers4job'
[12:15:14.094] [bmv2] [D] [thread 204127] Dumping entry 1
Match key:
* hdr.atp.JobIdAndSequenceNumber[31:24]: EXACT     02
* meta.current_counter                 : EXACT     00000007
Action entry: MyIngress.clear_memory - 

[12:15:14.094] [bmv2] [T] [thread 204127] bm_table_add_entry
[12:15:14.094] [bmv2] [D] [thread 204127] Entry 2 added to table 'MyIngress.workers4job'
[12:15:14.094] [bmv2] [D] [thread 204127] Dumping entry 2
Match key:
* hdr.atp.JobIdAndSequenceNumber[31:24]: EXACT     05
* meta.current_counter                 : EXACT     0000000a
Action entry: MyIngress.clear_memory - 

[12:15:42.316] [bmv2] [T] [thread 204233] bm_get_config_md5
[12:15:42.319] [bmv2] [T] [thread 204233] bm_mt_get_entries
[12:15:42.319] [bmv2] [T] [thread 204233] bm_mt_get_entries
[12:15:42.320] [bmv2] [T] [thread 204234] bm_get_config
[12:15:42.321] [bmv2] [T] [thread 204234] bm_mt_get_entries
[12:15:42.321] [bmv2] [T] [thread 204234] bm_mt_get_entries
[12:15:42.321] [bmv2] [T] [thread 204234] bm_register_read
[12:15:42.322] [bmv2] [T] [thread 204234] bm_register_read
[12:15:42.322] [bmv2] [T] [thread 204234] bm_register_read
[12:15:42.322] [bmv2] [T] [thread 204234] bm_register_read
[12:15:42.322] [bmv2] [T] [thread 204234] bm_register_read
[12:15:42.322] [bmv2] [T] [thread 204234] bm_register_read
[12:15:42.322] [bmv2] [T] [thread 204234] bm_register_read
[12:15:42.322] [bmv2] [T] [thread 204234] bm_register_read
[12:15:42.322] [bmv2] [T] [thread 204234] bm_register_read
[12:15:42.322] [bmv2] [T] [thread 204234] bm_register_read
[12:15:42.322] [bmv2] [T] [thread 204234] bm_register_read
[12:15:42.322] [bmv2] [T] [thread 204234] bm_register_read
[12:15:42.322] [bmv2] [T] [thread 204234] bm_register_read
[12:15:42.322] [bmv2] [T] [thread 204234] bm_register_read
[12:15:42.322] [bmv2] [T] [thread 204234] bm_register_read
[12:15:42.322] [bmv2] [T] [thread 204234] bm_register_read
[12:15:42.322] [bmv2] [T] [thread 204234] bm_register_read
[12:15:42.322] [bmv2] [T] [thread 204234] bm_register_read
[12:15:42.322] [bmv2] [T] [thread 204234] bm_register_read
[12:15:42.322] [bmv2] [T] [thread 204234] bm_register_read
[12:15:42.322] [bmv2] [T] [thread 204234] bm_register_read
[12:15:42.322] [bmv2] [T] [thread 204234] bm_register_read
[12:15:42.322] [bmv2] [T] [thread 204234] bm_register_read
[12:15:42.322] [bmv2] [T] [thread 204234] bm_register_read
[12:15:42.322] [bmv2] [T] [thread 204234] bm_register_read
[12:15:42.322] [bmv2] [T] [thread 204234] bm_register_read
[12:15:42.322] [bmv2] [T] [thread 204234] bm_register_read
[12:15:42.322] [bmv2] [T] [thread 204234] bm_register_read
[12:15:42.322] [bmv2] [T] [thread 204234] bm_register_read
[12:15:42.322] [bmv2] [T] [thread 204234] bm_register_read
[12:15:42.322] [bmv2] [T] [thread 204234] bm_register_read
[12:15:42.322] [bmv2] [T] [thread 204234] bm_register_read
[12:15:42.322] [bmv2] [T] [thread 204234] bm_register_read
[12:15:42.322] [bmv2] [T] [thread 204234] bm_register_read
[12:15:42.322] [bmv2] [T] [thread 204234] bm_register_read
[12:15:42.322] [bmv2] [T] [thread 204234] bm_register_read
[12:15:42.323] [bmv2] [T] [thread 204234] bm_register_read
[12:15:42.323] [bmv2] [T] [thread 204234] bm_register_read
[12:15:42.323] [bmv2] [T] [thread 204234] bm_register_read
[12:15:42.323] [bmv2] [T] [thread 204234] bm_register_read
[12:15:42.323] [bmv2] [T] [thread 204234] bm_register_read
[12:15:42.323] [bmv2] [T] [thread 204234] bm_register_read
[12:15:42.323] [bmv2] [T] [thread 204234] bm_register_read
[12:15:42.323] [bmv2] [T] [thread 204234] bm_register_read
[12:15:42.323] [bmv2] [T] [thread 204234] bm_register_read
[12:15:42.323] [bmv2] [T] [thread 204234] bm_register_read
[12:15:42.323] [bmv2] [T] [thread 204234] bm_register_read
[12:15:42.323] [bmv2] [T] [thread 204234] bm_register_read
[12:15:42.323] [bmv2] [T] [thread 204234] bm_register_read
[12:15:42.323] [bmv2] [T] [thread 204234] bm_register_read
[12:15:52.331] [bmv2] [T] [thread 204234] bm_register_read
[12:15:52.332] [bmv2] [T] [thread 204234] bm_register_read
[12:15:52.332] [bmv2] [T] [thread 204234] bm_register_read
[12:15:52.333] [bmv2] [T] [thread 204234] bm_register_read
[12:15:52.333] [bmv2] [T] [thread 204234] bm_register_read
[12:15:52.334] [bmv2] [T] [thread 204234] bm_register_read
[12:15:52.334] [bmv2] [T] [thread 204234] bm_register_read
[12:15:52.334] [bmv2] [T] [thread 204234] bm_register_read
[12:15:52.334] [bmv2] [T] [thread 204234] bm_register_read
[12:15:52.334] [bmv2] [T] [thread 204234] bm_register_read
[12:15:52.335] [bmv2] [T] [thread 204234] bm_register_read
[12:15:52.335] [bmv2] [T] [thread 204234] bm_register_read
[12:15:52.335] [bmv2] [T] [thread 204234] bm_register_read
[12:15:52.335] [bmv2] [T] [thread 204234] bm_register_read
[12:15:52.335] [bmv2] [T] [thread 204234] bm_register_read
[12:15:52.335] [bmv2] [T] [thread 204234] bm_register_read
[12:15:52.336] [bmv2] [T] [thread 204234] bm_register_read
[12:15:52.336] [bmv2] [T] [thread 204234] bm_register_read
[12:15:52.336] [bmv2] [T] [thread 204234] bm_register_read
[12:15:52.336] [bmv2] [T] [thread 204234] bm_register_read
[12:15:52.336] [bmv2] [T] [thread 204234] bm_register_read
[12:15:52.336] [bmv2] [T] [thread 204234] bm_register_read
[12:15:52.336] [bmv2] [T] [thread 204234] bm_register_read
[12:15:52.336] [bmv2] [T] [thread 204234] bm_register_read
[12:15:52.336] [bmv2] [T] [thread 204234] bm_register_read
[12:15:52.336] [bmv2] [T] [thread 204234] bm_register_read
[12:15:52.336] [bmv2] [T] [thread 204234] bm_register_read
[12:15:52.336] [bmv2] [T] [thread 204234] bm_register_read
[12:15:52.336] [bmv2] [T] [thread 204234] bm_register_read
[12:15:52.336] [bmv2] [T] [thread 204234] bm_register_read
[12:15:52.337] [bmv2] [T] [thread 204234] bm_register_read
[12:15:52.337] [bmv2] [T] [thread 204234] bm_register_read
[12:15:52.337] [bmv2] [T] [thread 204234] bm_register_read
[12:15:52.337] [bmv2] [T] [thread 204234] bm_register_read
[12:15:52.338] [bmv2] [T] [thread 204234] bm_register_read
[12:15:52.338] [bmv2] [T] [thread 204234] bm_register_read
[12:15:52.338] [bmv2] [T] [thread 204234] bm_register_read
[12:15:52.338] [bmv2] [T] [thread 204234] bm_register_read
[12:15:52.338] [bmv2] [T] [thread 204234] bm_register_read
[12:15:52.338] [bmv2] [T] [thread 204234] bm_register_read
[12:15:52.338] [bmv2] [T] [thread 204234] bm_register_read
[12:15:52.338] [bmv2] [T] [thread 204234] bm_register_read
[12:15:52.338] [bmv2] [T] [thread 204234] bm_register_read
[12:15:52.338] [bmv2] [T] [thread 204234] bm_register_read
[12:15:52.338] [bmv2] [T] [thread 204234] bm_register_read
[12:15:52.339] [bmv2] [T] [thread 204234] bm_register_read
[12:15:52.339] [bmv2] [T] [thread 204234] bm_register_read
[12:15:52.339] [bmv2] [T] [thread 204234] bm_register_read
[12:15:52.339] [bmv2] [T] [thread 204234] bm_register_read
[12:15:52.339] [bmv2] [T] [thread 204234] bm_register_read
[12:16:02.347] [bmv2] [T] [thread 204234] bm_register_read
[12:16:02.348] [bmv2] [T] [thread 204234] bm_register_read
[12:16:02.349] [bmv2] [T] [thread 204234] bm_register_read
[12:16:02.349] [bmv2] [T] [thread 204234] bm_register_read
[12:16:02.349] [bmv2] [T] [thread 204234] bm_register_read
[12:16:02.350] [bmv2] [T] [thread 204234] bm_register_read
[12:16:02.350] [bmv2] [T] [thread 204234] bm_register_read
[12:16:02.351] [bmv2] [T] [thread 204234] bm_register_read
[12:16:02.351] [bmv2] [T] [thread 204234] bm_register_read
[12:16:02.351] [bmv2] [T] [thread 204234] bm_register_read
[12:16:02.351] [bmv2] [T] [thread 204234] bm_register_read
[12:16:02.352] [bmv2] [T] [thread 204234] bm_register_read
[12:16:02.352] [bmv2] [T] [thread 204234] bm_register_read
[12:16:02.352] [bmv2] [T] [thread 204234] bm_register_read
[12:16:02.353] [bmv2] [T] [thread 204234] bm_register_read
[12:16:02.353] [bmv2] [T] [thread 204234] bm_register_read
[12:16:02.353] [bmv2] [T] [thread 204234] bm_register_read
[12:16:02.353] [bmv2] [T] [thread 204234] bm_register_read
[12:16:02.353] [bmv2] [T] [thread 204234] bm_register_read
[12:16:02.353] [bmv2] [T] [thread 204234] bm_register_read
[12:16:02.354] [bmv2] [T] [thread 204234] bm_register_read
[12:16:02.354] [bmv2] [T] [thread 204234] bm_register_read
[12:16:02.354] [bmv2] [T] [thread 204234] bm_register_read
[12:16:02.354] [bmv2] [T] [thread 204234] bm_register_read
[12:16:02.354] [bmv2] [T] [thread 204234] bm_register_read
[12:16:02.354] [bmv2] [T] [thread 204234] bm_register_read
[12:16:02.354] [bmv2] [T] [thread 204234] bm_register_read
[12:16:02.354] [bmv2] [T] [thread 204234] bm_register_read
[12:16:02.354] [bmv2] [T] [thread 204234] bm_register_read
[12:16:02.354] [bmv2] [T] [thread 204234] bm_register_read
[12:16:02.354] [bmv2] [T] [thread 204234] bm_register_read
[12:16:02.354] [bmv2] [T] [thread 204234] bm_register_read
[12:16:02.354] [bmv2] [T] [thread 204234] bm_register_read
[12:16:02.354] [bmv2] [T] [thread 204234] bm_register_read
[12:16:02.354] [bmv2] [T] [thread 204234] bm_register_read
[12:16:02.354] [bmv2] [T] [thread 204234] bm_register_read
[12:16:02.354] [bmv2] [T] [thread 204234] bm_register_read
[12:16:02.354] [bmv2] [T] [thread 204234] bm_register_read
[12:16:02.355] [bmv2] [T] [thread 204234] bm_register_read
[12:16:02.355] [bmv2] [T] [thread 204234] bm_register_read
[12:16:02.355] [bmv2] [T] [thread 204234] bm_register_read
[12:16:02.355] [bmv2] [T] [thread 204234] bm_register_read
[12:16:02.355] [bmv2] [T] [thread 204234] bm_register_read
[12:16:02.355] [bmv2] [T] [thread 204234] bm_register_read
[12:16:02.355] [bmv2] [T] [thread 204234] bm_register_read
[12:16:02.355] [bmv2] [T] [thread 204234] bm_register_read
[12:16:02.355] [bmv2] [T] [thread 204234] bm_register_read
[12:16:02.355] [bmv2] [T] [thread 204234] bm_register_read
[12:16:02.355] [bmv2] [T] [thread 204234] bm_register_read
[12:16:02.355] [bmv2] [T] [thread 204234] bm_register_read
[12:16:12.363] [bmv2] [T] [thread 204234] bm_register_read
[12:16:12.364] [bmv2] [T] [thread 204234] bm_register_read
[12:16:12.364] [bmv2] [T] [thread 204234] bm_register_read
[12:16:12.365] [bmv2] [T] [thread 204234] bm_register_read
[12:16:12.365] [bmv2] [T] [thread 204234] bm_register_read
[12:16:12.366] [bmv2] [T] [thread 204234] bm_register_read
[12:16:12.366] [bmv2] [T] [thread 204234] bm_register_read
[12:16:12.367] [bmv2] [T] [thread 204234] bm_register_read
[12:16:12.367] [bmv2] [T] [thread 204234] bm_register_read
[12:16:12.367] [bmv2] [T] [thread 204234] bm_register_read
[12:16:12.367] [bmv2] [T] [thread 204234] bm_register_read
[12:16:12.367] [bmv2] [T] [thread 204234] bm_register_read
[12:16:12.368] [bmv2] [T] [thread 204234] bm_register_read
[12:16:12.368] [bmv2] [T] [thread 204234] bm_register_read
[12:16:12.368] [bmv2] [T] [thread 204234] bm_register_read
[12:16:12.368] [bmv2] [T] [thread 204234] bm_register_read
[12:16:12.368] [bmv2] [T] [thread 204234] bm_register_read
[12:16:12.368] [bmv2] [T] [thread 204234] bm_register_read
[12:16:12.368] [bmv2] [T] [thread 204234] bm_register_read
[12:16:12.368] [bmv2] [T] [thread 204234] bm_register_read
[12:16:12.368] [bmv2] [T] [thread 204234] bm_register_read
[12:16:12.368] [bmv2] [T] [thread 204234] bm_register_read
[12:16:12.368] [bmv2] [T] [thread 204234] bm_register_read
[12:16:12.368] [bmv2] [T] [thread 204234] bm_register_read
[12:16:12.368] [bmv2] [T] [thread 204234] bm_register_read
[12:16:12.369] [bmv2] [T] [thread 204234] bm_register_read
[12:16:12.369] [bmv2] [T] [thread 204234] bm_register_read
[12:16:12.369] [bmv2] [T] [thread 204234] bm_register_read
[12:16:12.369] [bmv2] [T] [thread 204234] bm_register_read
[12:16:12.369] [bmv2] [T] [thread 204234] bm_register_read
[12:16:12.369] [bmv2] [T] [thread 204234] bm_register_read
[12:16:12.369] [bmv2] [T] [thread 204234] bm_register_read
[12:16:12.369] [bmv2] [T] [thread 204234] bm_register_read
[12:16:12.369] [bmv2] [T] [thread 204234] bm_register_read
[12:16:12.369] [bmv2] [T] [thread 204234] bm_register_read
[12:16:12.369] [bmv2] [T] [thread 204234] bm_register_read
[12:16:12.369] [bmv2] [T] [thread 204234] bm_register_read
[12:16:12.369] [bmv2] [T] [thread 204234] bm_register_read
[12:16:12.369] [bmv2] [T] [thread 204234] bm_register_read
[12:16:12.369] [bmv2] [T] [thread 204234] bm_register_read
[12:16:12.369] [bmv2] [T] [thread 204234] bm_register_read
[12:16:12.370] [bmv2] [T] [thread 204234] bm_register_read
[12:16:12.370] [bmv2] [T] [thread 204234] bm_register_read
[12:16:12.370] [bmv2] [T] [thread 204234] bm_register_read
[12:16:12.370] [bmv2] [T] [thread 204234] bm_register_read
[12:16:12.370] [bmv2] [T] [thread 204234] bm_register_read
[12:16:12.370] [bmv2] [T] [thread 204234] bm_register_read
[12:16:12.370] [bmv2] [T] [thread 204234] bm_register_read
[12:16:12.370] [bmv2] [T] [thread 204234] bm_register_read
[12:16:12.370] [bmv2] [T] [thread 204234] bm_register_read
[12:16:22.379] [bmv2] [T] [thread 204234] bm_register_read
[12:16:22.380] [bmv2] [T] [thread 204234] bm_register_read
[12:16:22.380] [bmv2] [T] [thread 204234] bm_register_read
[12:16:22.381] [bmv2] [T] [thread 204234] bm_register_read
[12:16:22.381] [bmv2] [T] [thread 204234] bm_register_read
[12:16:22.382] [bmv2] [T] [thread 204234] bm_register_read
[12:16:22.382] [bmv2] [T] [thread 204234] bm_register_read
[12:16:22.382] [bmv2] [T] [thread 204234] bm_register_read
[12:16:22.382] [bmv2] [T] [thread 204234] bm_register_read
[12:16:22.382] [bmv2] [T] [thread 204234] bm_register_read
[12:16:22.383] [bmv2] [T] [thread 204234] bm_register_read
[12:16:22.383] [bmv2] [T] [thread 204234] bm_register_read
[12:16:22.383] [bmv2] [T] [thread 204234] bm_register_read
[12:16:22.383] [bmv2] [T] [thread 204234] bm_register_read
[12:16:22.384] [bmv2] [T] [thread 204234] bm_register_read
[12:16:22.384] [bmv2] [T] [thread 204234] bm_register_read
[12:16:22.384] [bmv2] [T] [thread 204234] bm_register_read
[12:16:22.384] [bmv2] [T] [thread 204234] bm_register_read
[12:16:22.384] [bmv2] [T] [thread 204234] bm_register_read
[12:16:22.384] [bmv2] [T] [thread 204234] bm_register_read
[12:16:22.384] [bmv2] [T] [thread 204234] bm_register_read
[12:16:22.384] [bmv2] [T] [thread 204234] bm_register_read
[12:16:22.385] [bmv2] [T] [thread 204234] bm_register_read
[12:16:22.385] [bmv2] [T] [thread 204234] bm_register_read
[12:16:22.385] [bmv2] [T] [thread 204234] bm_register_read
[12:16:22.385] [bmv2] [T] [thread 204234] bm_register_read
[12:16:22.385] [bmv2] [T] [thread 204234] bm_register_read
[12:16:22.385] [bmv2] [T] [thread 204234] bm_register_read
[12:16:22.385] [bmv2] [T] [thread 204234] bm_register_read
[12:16:22.385] [bmv2] [T] [thread 204234] bm_register_read
[12:16:22.385] [bmv2] [T] [thread 204234] bm_register_read
[12:16:22.385] [bmv2] [T] [thread 204234] bm_register_read
[12:16:22.385] [bmv2] [T] [thread 204234] bm_register_read
[12:16:22.385] [bmv2] [T] [thread 204234] bm_register_read
[12:16:22.385] [bmv2] [T] [thread 204234] bm_register_read
[12:16:22.385] [bmv2] [T] [thread 204234] bm_register_read
[12:16:22.385] [bmv2] [T] [thread 204234] bm_register_read
[12:16:22.385] [bmv2] [T] [thread 204234] bm_register_read
[12:16:22.385] [bmv2] [T] [thread 204234] bm_register_read
[12:16:22.386] [bmv2] [T] [thread 204234] bm_register_read
[12:16:22.386] [bmv2] [T] [thread 204234] bm_register_read
[12:16:22.386] [bmv2] [T] [thread 204234] bm_register_read
[12:16:22.386] [bmv2] [T] [thread 204234] bm_register_read
[12:16:22.386] [bmv2] [T] [thread 204234] bm_register_read
[12:16:22.386] [bmv2] [T] [thread 204234] bm_register_read
[12:16:22.386] [bmv2] [T] [thread 204234] bm_register_read
[12:16:22.386] [bmv2] [T] [thread 204234] bm_register_read
[12:16:22.386] [bmv2] [T] [thread 204234] bm_register_read
[12:16:22.386] [bmv2] [T] [thread 204234] bm_register_read
[12:16:22.386] [bmv2] [T] [thread 204234] bm_register_read
[12:16:32.395] [bmv2] [T] [thread 204234] bm_register_read
[12:16:32.396] [bmv2] [T] [thread 204234] bm_register_read
[12:16:32.398] [bmv2] [T] [thread 204234] bm_register_read
[12:16:32.398] [bmv2] [T] [thread 204234] bm_register_read
[12:16:32.399] [bmv2] [T] [thread 204234] bm_register_read
[12:16:32.399] [bmv2] [T] [thread 204234] bm_register_read
[12:16:32.399] [bmv2] [T] [thread 204234] bm_register_read
[12:16:32.400] [bmv2] [T] [thread 204234] bm_register_read
[12:16:32.400] [bmv2] [T] [thread 204234] bm_register_read
[12:16:32.401] [bmv2] [T] [thread 204234] bm_register_read
[12:16:32.401] [bmv2] [T] [thread 204234] bm_register_read
[12:16:32.401] [bmv2] [T] [thread 204234] bm_register_read
[12:16:32.401] [bmv2] [T] [thread 204234] bm_register_read
[12:16:32.402] [bmv2] [T] [thread 204234] bm_register_read
[12:16:32.402] [bmv2] [T] [thread 204234] bm_register_read
[12:16:32.402] [bmv2] [T] [thread 204234] bm_register_read
[12:16:32.402] [bmv2] [T] [thread 204234] bm_register_read
[12:16:32.402] [bmv2] [T] [thread 204234] bm_register_read
[12:16:32.402] [bmv2] [T] [thread 204234] bm_register_read
[12:16:32.402] [bmv2] [T] [thread 204234] bm_register_read
[12:16:32.402] [bmv2] [T] [thread 204234] bm_register_read
[12:16:32.402] [bmv2] [T] [thread 204234] bm_register_read
[12:16:32.402] [bmv2] [T] [thread 204234] bm_register_read
[12:16:32.402] [bmv2] [T] [thread 204234] bm_register_read
[12:16:32.403] [bmv2] [T] [thread 204234] bm_register_read
[12:16:32.403] [bmv2] [T] [thread 204234] bm_register_read
[12:16:32.403] [bmv2] [T] [thread 204234] bm_register_read
[12:16:32.403] [bmv2] [T] [thread 204234] bm_register_read
[12:16:32.403] [bmv2] [T] [thread 204234] bm_register_read
[12:16:32.403] [bmv2] [T] [thread 204234] bm_register_read
[12:16:32.403] [bmv2] [T] [thread 204234] bm_register_read
[12:16:32.403] [bmv2] [T] [thread 204234] bm_register_read
[12:16:32.403] [bmv2] [T] [thread 204234] bm_register_read
[12:16:32.403] [bmv2] [T] [thread 204234] bm_register_read
[12:16:32.403] [bmv2] [T] [thread 204234] bm_register_read
[12:16:32.403] [bmv2] [T] [thread 204234] bm_register_read
[12:16:32.403] [bmv2] [T] [thread 204234] bm_register_read
[12:16:32.404] [bmv2] [T] [thread 204234] bm_register_read
[12:16:32.404] [bmv2] [T] [thread 204234] bm_register_read
[12:16:32.404] [bmv2] [T] [thread 204234] bm_register_read
[12:16:32.404] [bmv2] [T] [thread 204234] bm_register_read
[12:16:32.404] [bmv2] [T] [thread 204234] bm_register_read
[12:16:32.404] [bmv2] [T] [thread 204234] bm_register_read
[12:16:32.404] [bmv2] [T] [thread 204234] bm_register_read
[12:16:32.404] [bmv2] [T] [thread 204234] bm_register_read
[12:16:32.404] [bmv2] [T] [thread 204234] bm_register_read
[12:16:32.404] [bmv2] [T] [thread 204234] bm_register_read
[12:16:32.404] [bmv2] [T] [thread 204234] bm_register_read
[12:16:32.404] [bmv2] [T] [thread 204234] bm_register_read
[12:16:32.404] [bmv2] [T] [thread 204234] bm_register_read
[12:16:34.597] [bmv2] [D] [thread 204089] [0.0] [cxt 0] Processing packet received on port 1
[12:16:34.597] [bmv2] [D] [thread 204089] [0.0] [cxt 0] Parser 'parser': start
[12:16:34.597] [bmv2] [D] [thread 204089] [0.0] [cxt 0] Parser 'parser' entering state 'start'
[12:16:34.597] [bmv2] [D] [thread 204089] [0.0] [cxt 0] Extracting header 'eth'
[12:16:34.597] [bmv2] [D] [thread 204089] [0.0] [cxt 0] Parser state 'start': key is 0800
[12:16:34.597] [bmv2] [T] [thread 204089] [0.0] [cxt 0] Bytes parsed: 14
[12:16:34.597] [bmv2] [D] [thread 204089] [0.0] [cxt 0] Parser 'parser' entering state 'parse_ipv4'
[12:16:34.597] [bmv2] [D] [thread 204089] [0.0] [cxt 0] Extracting header 'ipv4'
[12:16:34.597] [bmv2] [D] [thread 204089] [0.0] [cxt 0] Parser state 'parse_ipv4': key is 99
[12:16:34.597] [bmv2] [T] [thread 204089] [0.0] [cxt 0] Bytes parsed: 34
[12:16:34.597] [bmv2] [D] [thread 204089] [0.0] [cxt 0] Parser 'parser' entering state 'parse_atp'
[12:16:34.597] [bmv2] [D] [thread 204089] [0.0] [cxt 0] Extracting header 'atp'
[12:16:34.597] [bmv2] [D] [thread 204089] [0.0] [cxt 0] Extracting header 'data'
[12:16:34.597] [bmv2] [D] [thread 204089] [0.0] [cxt 0] Parser state 'parse_atp' has no switch, going to default next state
[12:16:34.597] [bmv2] [T] [thread 204089] [0.0] [cxt 0] Bytes parsed: 90
[12:16:34.597] [bmv2] [D] [thread 204089] [0.0] [cxt 0] Parser 'parser': end
[12:16:34.597] [bmv2] [D] [thread 204089] [0.0] [cxt 0] Pipeline 'ingress': start
[12:16:34.597] [bmv2] [T] [thread 204089] [0.0] [cxt 0] Applying table 'tbl_ATP_switch112'
[12:16:34.597] [bmv2] [D] [thread 204089] [0.0] [cxt 0] Looking up key:

[12:16:34.597] [bmv2] [D] [thread 204089] [0.0] [cxt 0] Table 'tbl_ATP_switch112': miss
[12:16:34.597] [bmv2] [D] [thread 204089] [0.0] [cxt 0] Action entry is ATP_switch112 - 
[12:16:34.597] [bmv2] [T] [thread 204089] [0.0] [cxt 0] Action ATP_switch112
[12:16:34.597] [bmv2] [T] [thread 204089] [0.0] [cxt 0] /home/mattiafiore/Desktop/ATP_BMv2/p4src/ATP_switch.p4(112) Primitive standard_metadata.egress_spec = 3
[12:16:34.597] [bmv2] [T] [thread 204089] [0.0] [cxt 0] /home/mattiafiore/Desktop/ATP_BMv2/p4src/ATP_switch.p4(119) Primitive (bit<32>)index
[12:16:34.597] [bmv2] [T] [thread 204089] [0.0] [cxt 0] /home/mattiafiore/Desktop/ATP_BMv2/p4src/ATP_switch.p4(119) Primitive owner_pool.read(owner, (bit<32>)index)
[12:16:34.597] [bmv2] [T] [thread 204089] [0.0] [cxt 0] Read register 'owner_pool' at index 1 read value 0
[12:16:34.597] [bmv2] [T] [thread 204089] [0.0] [cxt 0] Applying table 'MyIngress.pool_access'
[12:16:34.597] [bmv2] [D] [thread 204089] [0.0] [cxt 0] Looking up key:
* hdr.atp.aggregatorIndex: 0001

[12:16:34.597] [bmv2] [D] [thread 204089] [0.0] [cxt 0] Table 'MyIngress.pool_access': hit with handle 1
[12:16:34.597] [bmv2] [D] [thread 204089] [0.0] [cxt 0] Dumping entry 1
Match key:
* hdr.atp.aggregatorIndex: EXACT     0001
Action entry: MyIngress.aggregate - a,

[12:16:34.597] [bmv2] [D] [thread 204089] [0.0] [cxt 0] Action entry is MyIngress.aggregate - a,
[12:16:34.597] [bmv2] [T] [thread 204089] [0.0] [cxt 0] Action MyIngress.aggregate
[12:16:34.597] [bmv2] [T] [thread 204089] [0.0] [cxt 0] /home/mattiafiore/Desktop/ATP_BMv2/p4src/ATP_switch.p4(43) Primitive meta.slice_index = slice_index
[12:16:34.597] [bmv2] [T] [thread 204089] [0.0] [cxt 0] /home/mattiafiore/Desktop/ATP_BMv2/p4src/ATP_switch.p4(122) Condition "owner == hdr.atp.JobIdAndSequenceNumber" (node_4) is false
[12:16:34.597] [bmv2] [T] [thread 204089] [0.0] [cxt 0] /home/mattiafiore/Desktop/ATP_BMv2/p4src/ATP_switch.p4(131) Condition "owner == 0" (node_9) is true
[12:16:34.597] [bmv2] [T] [thread 204089] [0.0] [cxt 0] Applying table 'tbl_ATP_switch135'
[12:16:34.597] [bmv2] [D] [thread 204089] [0.0] [cxt 0] Looking up key:

[12:16:34.597] [bmv2] [D] [thread 204089] [0.0] [cxt 0] Table 'tbl_ATP_switch135': miss
[12:16:34.597] [bmv2] [D] [thread 204089] [0.0] [cxt 0] Action entry is ATP_switch135 - 
[12:16:34.597] [bmv2] [T] [thread 204089] [0.0] [cxt 0] Action ATP_switch135
[12:16:34.597] [bmv2] [T] [thread 204089] [0.0] [cxt 0] /home/mattiafiore/Desktop/ATP_BMv2/p4src/ATP_switch.p4(135) Primitive (bit<32>) index
[12:16:34.597] [bmv2] [T] [thread 204089] [0.0] [cxt 0] /home/mattiafiore/Desktop/ATP_BMv2/p4src/ATP_switch.p4(135) Primitive owner_pool.write((bit<32>) index, hdr.atp.JobIdAndSequenceNumber)
[12:16:34.597] [bmv2] [T] [thread 204089] [0.0] [cxt 0] Wrote register 'owner_pool' at index 1 with value 16777216
[12:16:34.597] [bmv2] [T] [thread 204089] [0.0] [cxt 0] Applying table 'tbl_aggregate_values_0'
[12:16:34.597] [bmv2] [D] [thread 204089] [0.0] [cxt 0] Looking up key:

[12:16:34.597] [bmv2] [D] [thread 204089] [0.0] [cxt 0] Table 'tbl_aggregate_values_0': miss
[12:16:34.597] [bmv2] [D] [thread 204089] [0.0] [cxt 0] Action entry is MyIngress.aggregate_values - 
[12:16:34.597] [bmv2] [T] [thread 204089] [0.0] [cxt 0] Action MyIngress.aggregate_values
[12:16:34.597] [bmv2] [T] [thread 204089] [0.0] [cxt 0] /home/mattiafiore/Desktop/ATP_BMv2/p4src/ATP_switch.p4(34) Primitive register_index
[12:16:34.597] [bmv2] [T] [thread 204089] [0.0] [cxt 0] /home/mattiafiore/Desktop/ATP_BMv2/p4src/ATP_switch.p4(34) Primitive big_pool.read(value, register_index)
[12:16:34.597] [bmv2] [T] [thread 204089] [0.0] [cxt 0] Read register 'big_pool' at index 10 read value 0
[12:16:34.597] [bmv2] [T] [thread 204089] [0.0] [cxt 0] /home/mattiafiore/Desktop/ATP_BMv2/p4src/ATP_switch.p4(36) Primitive register_index
[12:16:34.597] [bmv2] [T] [thread 204089] [0.0] [cxt 0] Primitive (no source info)
[12:16:34.597] [bmv2] [T] [thread 204089] [0.0] [cxt 0] /home/mattiafiore/Desktop/ATP_BMv2/p4src/ATP_switch.p4(36) Primitive big_pool.write(register_index, n0)
[12:16:34.597] [bmv2] [T] [thread 204089] [0.0] [cxt 0] Wrote register 'big_pool' at index 10 with value 1
[12:16:34.597] [bmv2] [T] [thread 204089] [0.0] [cxt 0] Primitive (no source info)
[12:16:34.597] [bmv2] [T] [thread 204089] [0.0] [cxt 0] /home/mattiafiore/Desktop/ATP_BMv2/p4src/ATP_switch.p4(34) Primitive register_index
[12:16:34.597] [bmv2] [T] [thread 204089] [0.0] [cxt 0] /home/mattiafiore/Desktop/ATP_BMv2/p4src/ATP_switch.p4(34) Primitive big_pool.read(value, register_index)
[12:16:34.597] [bmv2] [T] [thread 204089] [0.0] [cxt 0] Read register 'big_pool' at index 11 read value 0
[12:16:34.597] [bmv2] [T] [thread 204089] [0.0] [cxt 0] /home/mattiafiore/Desktop/ATP_BMv2/p4src/ATP_switch.p4(36) Primitive register_index
[12:16:34.597] [bmv2] [T] [thread 204089] [0.0] [cxt 0] Primitive (no source info)
[12:16:34.597] [bmv2] [T] [thread 204089] [0.0] [cxt 0] /home/mattiafiore/Desktop/ATP_BMv2/p4src/ATP_switch.p4(36) Primitive big_pool.write(register_index, n0)
[12:16:34.597] [bmv2] [T] [thread 204089] [0.0] [cxt 0] Wrote register 'big_pool' at index 11 with value 1
[12:16:34.597] [bmv2] [T] [thread 204089] [0.0] [cxt 0] Primitive (no source info)
[12:16:34.597] [bmv2] [T] [thread 204089] [0.0] [cxt 0] /home/mattiafiore/Desktop/ATP_BMv2/p4src/ATP_switch.p4(34) Primitive register_index
[12:16:34.597] [bmv2] [T] [thread 204089] [0.0] [cxt 0] /home/mattiafiore/Desktop/ATP_BMv2/p4src/ATP_switch.p4(34) Primitive big_pool.read(value, register_index)
[12:16:34.597] [bmv2] [T] [thread 204089] [0.0] [cxt 0] Read register 'big_pool' at index 12 read value 0
[12:16:34.597] [bmv2] [T] [thread 204089] [0.0] [cxt 0] /home/mattiafiore/Desktop/ATP_BMv2/p4src/ATP_switch.p4(36) Primitive register_index
[12:16:34.597] [bmv2] [T] [thread 204089] [0.0] [cxt 0] Primitive (no source info)
[12:16:34.597] [bmv2] [T] [thread 204089] [0.0] [cxt 0] /home/mattiafiore/Desktop/ATP_BMv2/p4src/ATP_switch.p4(36) Primitive big_pool.write(register_index, n0)
[12:16:34.597] [bmv2] [T] [thread 204089] [0.0] [cxt 0] Wrote register 'big_pool' at index 12 with value 1
[12:16:34.597] [bmv2] [T] [thread 204089] [0.0] [cxt 0] Primitive (no source info)
[12:16:34.597] [bmv2] [T] [thread 204089] [0.0] [cxt 0] /home/mattiafiore/Desktop/ATP_BMv2/p4src/ATP_switch.p4(34) Primitive register_index
[12:16:34.597] [bmv2] [T] [thread 204089] [0.0] [cxt 0] /home/mattiafiore/Desktop/ATP_BMv2/p4src/ATP_switch.p4(34) Primitive big_pool.read(value, register_index)
[12:16:34.597] [bmv2] [T] [thread 204089] [0.0] [cxt 0] Read register 'big_pool' at index 13 read value 0
[12:16:34.597] [bmv2] [T] [thread 204089] [0.0] [cxt 0] /home/mattiafiore/Desktop/ATP_BMv2/p4src/ATP_switch.p4(36) Primitive register_index
[12:16:34.597] [bmv2] [T] [thread 204089] [0.0] [cxt 0] Primitive (no source info)
[12:16:34.597] [bmv2] [T] [thread 204089] [0.0] [cxt 0] /home/mattiafiore/Desktop/ATP_BMv2/p4src/ATP_switch.p4(36) Primitive big_pool.write(register_index, n0)
[12:16:34.597] [bmv2] [T] [thread 204089] [0.0] [cxt 0] Wrote register 'big_pool' at index 13 with value 1
[12:16:34.597] [bmv2] [T] [thread 204089] [0.0] [cxt 0] Primitive (no source info)
[12:16:34.597] [bmv2] [T] [thread 204089] [0.0] [cxt 0] /home/mattiafiore/Desktop/ATP_BMv2/p4src/ATP_switch.p4(34) Primitive register_index
[12:16:34.597] [bmv2] [T] [thread 204089] [0.0] [cxt 0] /home/mattiafiore/Desktop/ATP_BMv2/p4src/ATP_switch.p4(34) Primitive big_pool.read(value, register_index)
[12:16:34.597] [bmv2] [T] [thread 204089] [0.0] [cxt 0] Read register 'big_pool' at index 14 read value 0
[12:16:34.597] [bmv2] [T] [thread 204089] [0.0] [cxt 0] /home/mattiafiore/Desktop/ATP_BMv2/p4src/ATP_switch.p4(36) Primitive register_index
[12:16:34.597] [bmv2] [T] [thread 204089] [0.0] [cxt 0] Primitive (no source info)
[12:16:34.597] [bmv2] [T] [thread 204089] [0.0] [cxt 0] /home/mattiafiore/Desktop/ATP_BMv2/p4src/ATP_switch.p4(36) Primitive big_pool.write(register_index, n0)
[12:16:34.597] [bmv2] [T] [thread 204089] [0.0] [cxt 0] Wrote register 'big_pool' at index 14 with value 1
[12:16:34.597] [bmv2] [T] [thread 204089] [0.0] [cxt 0] Primitive (no source info)
[12:16:34.597] [bmv2] [T] [thread 204089] [0.0] [cxt 0] /home/mattiafiore/Desktop/ATP_BMv2/p4src/ATP_switch.p4(34) Primitive register_index
[12:16:34.597] [bmv2] [T] [thread 204089] [0.0] [cxt 0] /home/mattiafiore/Desktop/ATP_BMv2/p4src/ATP_switch.p4(34) Primitive big_pool.read(value, register_index)
[12:16:34.597] [bmv2] [T] [thread 204089] [0.0] [cxt 0] Read register 'big_pool' at index 15 read value 0
[12:16:34.597] [bmv2] [T] [thread 204089] [0.0] [cxt 0] /home/mattiafiore/Desktop/ATP_BMv2/p4src/ATP_switch.p4(36) Primitive register_index
[12:16:34.597] [bmv2] [T] [thread 204089] [0.0] [cxt 0] Primitive (no source info)
[12:16:34.597] [bmv2] [T] [thread 204089] [0.0] [cxt 0] /home/mattiafiore/Desktop/ATP_BMv2/p4src/ATP_switch.p4(36) Primitive big_pool.write(register_index, n0)
[12:16:34.597] [bmv2] [T] [thread 204089] [0.0] [cxt 0] Wrote register 'big_pool' at index 15 with value 1
[12:16:34.597] [bmv2] [T] [thread 204089] [0.0] [cxt 0] Primitive (no source info)
[12:16:34.597] [bmv2] [T] [thread 204089] [0.0] [cxt 0] /home/mattiafiore/Desktop/ATP_BMv2/p4src/ATP_switch.p4(34) Primitive register_index
[12:16:34.597] [bmv2] [T] [thread 204089] [0.0] [cxt 0] /home/mattiafiore/Desktop/ATP_BMv2/p4src/ATP_switch.p4(34) Primitive big_pool.read(value, register_index)
[12:16:34.597] [bmv2] [T] [thread 204089] [0.0] [cxt 0] Read register 'big_pool' at index 16 read value 0
[12:16:34.597] [bmv2] [T] [thread 204089] [0.0] [cxt 0] /home/mattiafiore/Desktop/ATP_BMv2/p4src/ATP_switch.p4(36) Primitive register_index
[12:16:34.597] [bmv2] [T] [thread 204089] [0.0] [cxt 0] Primitive (no source info)
[12:16:34.597] [bmv2] [T] [thread 204089] [0.0] [cxt 0] /home/mattiafiore/Desktop/ATP_BMv2/p4src/ATP_switch.p4(36) Primitive big_pool.write(register_index, n0)
[12:16:34.597] [bmv2] [T] [thread 204089] [0.0] [cxt 0] Wrote register 'big_pool' at index 16 with value 1
[12:16:34.597] [bmv2] [T] [thread 204089] [0.0] [cxt 0] Primitive (no source info)
[12:16:34.597] [bmv2] [T] [thread 204089] [0.0] [cxt 0] /home/mattiafiore/Desktop/ATP_BMv2/p4src/ATP_switch.p4(34) Primitive register_index
[12:16:34.597] [bmv2] [T] [thread 204089] [0.0] [cxt 0] /home/mattiafiore/Desktop/ATP_BMv2/p4src/ATP_switch.p4(34) Primitive big_pool.read(value, register_index)
[12:16:34.597] [bmv2] [T] [thread 204089] [0.0] [cxt 0] Read register 'big_pool' at index 17 read value 0
[12:16:34.597] [bmv2] [T] [thread 204089] [0.0] [cxt 0] /home/mattiafiore/Desktop/ATP_BMv2/p4src/ATP_switch.p4(36) Primitive register_index
[12:16:34.597] [bmv2] [T] [thread 204089] [0.0] [cxt 0] Primitive (no source info)
[12:16:34.597] [bmv2] [T] [thread 204089] [0.0] [cxt 0] /home/mattiafiore/Desktop/ATP_BMv2/p4src/ATP_switch.p4(36) Primitive big_pool.write(register_index, n0)
[12:16:34.597] [bmv2] [T] [thread 204089] [0.0] [cxt 0] Wrote register 'big_pool' at index 17 with value 1
[12:16:34.597] [bmv2] [T] [thread 204089] [0.0] [cxt 0] Primitive (no source info)
[12:16:34.597] [bmv2] [T] [thread 204089] [0.0] [cxt 0] /home/mattiafiore/Desktop/ATP_BMv2/p4src/ATP_switch.p4(34) Primitive register_index
[12:16:34.597] [bmv2] [T] [thread 204089] [0.0] [cxt 0] /home/mattiafiore/Desktop/ATP_BMv2/p4src/ATP_switch.p4(34) Primitive big_pool.read(value, register_index)
[12:16:34.597] [bmv2] [T] [thread 204089] [0.0] [cxt 0] Read register 'big_pool' at index 18 read value 0
[12:16:34.597] [bmv2] [T] [thread 204089] [0.0] [cxt 0] /home/mattiafiore/Desktop/ATP_BMv2/p4src/ATP_switch.p4(36) Primitive register_index
[12:16:34.597] [bmv2] [T] [thread 204089] [0.0] [cxt 0] Primitive (no source info)
[12:16:34.597] [bmv2] [T] [thread 204089] [0.0] [cxt 0] /home/mattiafiore/Desktop/ATP_BMv2/p4src/ATP_switch.p4(36) Primitive big_pool.write(register_index, n0)
[12:16:34.597] [bmv2] [T] [thread 204089] [0.0] [cxt 0] Wrote register 'big_pool' at index 18 with value 1
[12:16:34.597] [bmv2] [T] [thread 204089] [0.0] [cxt 0] Primitive (no source info)
[12:16:34.597] [bmv2] [T] [thread 204089] [0.0] [cxt 0] /home/mattiafiore/Desktop/ATP_BMv2/p4src/ATP_switch.p4(34) Primitive register_index
[12:16:34.597] [bmv2] [T] [thread 204089] [0.0] [cxt 0] /home/mattiafiore/Desktop/ATP_BMv2/p4src/ATP_switch.p4(34) Primitive big_pool.read(value, register_index)
[12:16:34.597] [bmv2] [T] [thread 204089] [0.0] [cxt 0] Read register 'big_pool' at index 19 read value 0
[12:16:34.597] [bmv2] [T] [thread 204089] [0.0] [cxt 0] /home/mattiafiore/Desktop/ATP_BMv2/p4src/ATP_switch.p4(36) Primitive register_index
[12:16:34.597] [bmv2] [T] [thread 204089] [0.0] [cxt 0] Primitive (no source info)
[12:16:34.597] [bmv2] [T] [thread 204089] [0.0] [cxt 0] /home/mattiafiore/Desktop/ATP_BMv2/p4src/ATP_switch.p4(36) Primitive big_pool.write(register_index, n0)
[12:16:34.597] [bmv2] [T] [thread 204089] [0.0] [cxt 0] Wrote register 'big_pool' at index 19 with value 1
[12:16:34.597] [bmv2] [T] [thread 204089] [0.0] [cxt 0] Primitive (no source info)
[12:16:34.597] [bmv2] [T] [thread 204089] [0.0] [cxt 0] Applying table 'tbl_increase_counter_0'
[12:16:34.597] [bmv2] [D] [thread 204089] [0.0] [cxt 0] Looking up key:

[12:16:34.598] [bmv2] [D] [thread 204089] [0.0] [cxt 0] Table 'tbl_increase_counter_0': miss
[12:16:34.598] [bmv2] [D] [thread 204089] [0.0] [cxt 0] Action entry is MyIngress.increase_counter - 
[12:16:34.598] [bmv2] [T] [thread 204089] [0.0] [cxt 0] Action MyIngress.increase_counter
[12:16:34.598] [bmv2] [T] [thread 204089] [0.0] [cxt 0] /home/mattiafiore/Desktop/ATP_BMv2/p4src/ATP_switch.p4(49) Primitive (bit<32>) hdr.atp.aggregatorIndex
[12:16:34.598] [bmv2] [T] [thread 204089] [0.0] [cxt 0] /home/mattiafiore/Desktop/ATP_BMv2/p4src/ATP_switch.p4(49) Primitive counts.read(value, (bit<32>) hdr.atp.aggregatorIndex)
[12:16:34.598] [bmv2] [T] [thread 204089] [0.0] [cxt 0] Read register 'counts' at index 1 read value 0
[12:16:34.598] [bmv2] [T] [thread 204089] [0.0] [cxt 0] /home/mattiafiore/Desktop/ATP_BMv2/p4src/ATP_switch.p4(50) Primitive value = value + 1
[12:16:34.598] [bmv2] [T] [thread 204089] [0.0] [cxt 0] /home/mattiafiore/Desktop/ATP_BMv2/p4src/ATP_switch.p4(51) Primitive (bit<32>) hdr.atp.aggregatorIndex
[12:16:34.598] [bmv2] [T] [thread 204089] [0.0] [cxt 0] /home/mattiafiore/Desktop/ATP_BMv2/p4src/ATP_switch.p4(51) Primitive counts.write((bit<32>) hdr.atp.aggregatorIndex, value)
[12:16:34.598] [bmv2] [T] [thread 204089] [0.0] [cxt 0] Wrote register 'counts' at index 1 with value 1
[12:16:34.598] [bmv2] [T] [thread 204089] [0.0] [cxt 0] /home/mattiafiore/Desktop/ATP_BMv2/p4src/ATP_switch.p4(52) Primitive meta.current_counter = value
[12:16:34.598] [bmv2] [D] [thread 204089] [0.0] [cxt 0] Pipeline 'ingress': end
[12:16:34.598] [bmv2] [D] [thread 204089] [0.0] [cxt 0] Egress port is 3
[12:16:34.598] [bmv2] [D] [thread 204093] [0.0] [cxt 0] Pipeline 'egress': start
[12:16:34.598] [bmv2] [D] [thread 204093] [0.0] [cxt 0] Pipeline 'egress': end
[12:16:34.598] [bmv2] [D] [thread 204093] [0.0] [cxt 0] Deparser 'deparser': start
[12:16:34.598] [bmv2] [D] [thread 204093] [0.0] [cxt 0] Deparsing header 'eth'
[12:16:34.598] [bmv2] [D] [thread 204093] [0.0] [cxt 0] Deparsing header 'ipv4'
[12:16:34.598] [bmv2] [D] [thread 204093] [0.0] [cxt 0] Deparsing header 'atp'
[12:16:34.598] [bmv2] [D] [thread 204093] [0.0] [cxt 0] Deparsing header 'data'
[12:16:34.598] [bmv2] [D] [thread 204093] [0.0] [cxt 0] Deparser 'deparser': end
[12:16:34.598] [bmv2] [D] [thread 204094] [0.0] [cxt 0] Transmitting packet of size 90 out of port 3
[12:16:38.508] [bmv2] [D] [thread 204089] [1.0] [cxt 0] Processing packet received on port 1
[12:16:38.508] [bmv2] [D] [thread 204089] [1.0] [cxt 0] Parser 'parser': start
[12:16:38.508] [bmv2] [D] [thread 204089] [1.0] [cxt 0] Parser 'parser' entering state 'start'
[12:16:38.508] [bmv2] [D] [thread 204089] [1.0] [cxt 0] Extracting header 'eth'
[12:16:38.508] [bmv2] [D] [thread 204089] [1.0] [cxt 0] Parser state 'start': key is 0800
[12:16:38.508] [bmv2] [T] [thread 204089] [1.0] [cxt 0] Bytes parsed: 14
[12:16:38.508] [bmv2] [D] [thread 204089] [1.0] [cxt 0] Parser 'parser' entering state 'parse_ipv4'
[12:16:38.508] [bmv2] [D] [thread 204089] [1.0] [cxt 0] Extracting header 'ipv4'
[12:16:38.508] [bmv2] [D] [thread 204089] [1.0] [cxt 0] Parser state 'parse_ipv4': key is 99
[12:16:38.508] [bmv2] [T] [thread 204089] [1.0] [cxt 0] Bytes parsed: 34
[12:16:38.508] [bmv2] [D] [thread 204089] [1.0] [cxt 0] Parser 'parser' entering state 'parse_atp'
[12:16:38.508] [bmv2] [D] [thread 204089] [1.0] [cxt 0] Extracting header 'atp'
[12:16:38.508] [bmv2] [D] [thread 204089] [1.0] [cxt 0] Extracting header 'data'
[12:16:38.508] [bmv2] [D] [thread 204089] [1.0] [cxt 0] Parser state 'parse_atp' has no switch, going to default next state
[12:16:38.508] [bmv2] [T] [thread 204089] [1.0] [cxt 0] Bytes parsed: 90
[12:16:38.508] [bmv2] [D] [thread 204089] [1.0] [cxt 0] Parser 'parser': end
[12:16:38.508] [bmv2] [D] [thread 204089] [1.0] [cxt 0] Pipeline 'ingress': start
[12:16:38.508] [bmv2] [T] [thread 204089] [1.0] [cxt 0] Applying table 'tbl_ATP_switch112'
[12:16:38.508] [bmv2] [D] [thread 204089] [1.0] [cxt 0] Looking up key:

[12:16:38.508] [bmv2] [D] [thread 204089] [1.0] [cxt 0] Table 'tbl_ATP_switch112': miss
[12:16:38.508] [bmv2] [D] [thread 204089] [1.0] [cxt 0] Action entry is ATP_switch112 - 
[12:16:38.508] [bmv2] [T] [thread 204089] [1.0] [cxt 0] Action ATP_switch112
[12:16:38.508] [bmv2] [T] [thread 204089] [1.0] [cxt 0] /home/mattiafiore/Desktop/ATP_BMv2/p4src/ATP_switch.p4(112) Primitive standard_metadata.egress_spec = 3
[12:16:38.508] [bmv2] [T] [thread 204089] [1.0] [cxt 0] /home/mattiafiore/Desktop/ATP_BMv2/p4src/ATP_switch.p4(119) Primitive (bit<32>)index
[12:16:38.508] [bmv2] [T] [thread 204089] [1.0] [cxt 0] /home/mattiafiore/Desktop/ATP_BMv2/p4src/ATP_switch.p4(119) Primitive owner_pool.read(owner, (bit<32>)index)
[12:16:38.508] [bmv2] [T] [thread 204089] [1.0] [cxt 0] Read register 'owner_pool' at index 1 read value 16777216
[12:16:38.508] [bmv2] [T] [thread 204089] [1.0] [cxt 0] Applying table 'MyIngress.pool_access'
[12:16:38.508] [bmv2] [D] [thread 204089] [1.0] [cxt 0] Looking up key:
* hdr.atp.aggregatorIndex: 0001

[12:16:38.508] [bmv2] [D] [thread 204089] [1.0] [cxt 0] Table 'MyIngress.pool_access': hit with handle 1
[12:16:38.508] [bmv2] [D] [thread 204089] [1.0] [cxt 0] Dumping entry 1
Match key:
* hdr.atp.aggregatorIndex: EXACT     0001
Action entry: MyIngress.aggregate - a,

[12:16:38.508] [bmv2] [D] [thread 204089] [1.0] [cxt 0] Action entry is MyIngress.aggregate - a,
[12:16:38.508] [bmv2] [T] [thread 204089] [1.0] [cxt 0] Action MyIngress.aggregate
[12:16:38.508] [bmv2] [T] [thread 204089] [1.0] [cxt 0] /home/mattiafiore/Desktop/ATP_BMv2/p4src/ATP_switch.p4(43) Primitive meta.slice_index = slice_index
[12:16:38.508] [bmv2] [T] [thread 204089] [1.0] [cxt 0] /home/mattiafiore/Desktop/ATP_BMv2/p4src/ATP_switch.p4(122) Condition "owner == hdr.atp.JobIdAndSequenceNumber" (node_4) is true
[12:16:38.508] [bmv2] [T] [thread 204089] [1.0] [cxt 0] Applying table 'tbl_aggregate_values'
[12:16:38.508] [bmv2] [D] [thread 204089] [1.0] [cxt 0] Looking up key:

[12:16:38.508] [bmv2] [D] [thread 204089] [1.0] [cxt 0] Table 'tbl_aggregate_values': miss
[12:16:38.508] [bmv2] [D] [thread 204089] [1.0] [cxt 0] Action entry is MyIngress.aggregate_values - 
[12:16:38.508] [bmv2] [T] [thread 204089] [1.0] [cxt 0] Action MyIngress.aggregate_values
[12:16:38.508] [bmv2] [T] [thread 204089] [1.0] [cxt 0] /home/mattiafiore/Desktop/ATP_BMv2/p4src/ATP_switch.p4(34) Primitive register_index
[12:16:38.508] [bmv2] [T] [thread 204089] [1.0] [cxt 0] /home/mattiafiore/Desktop/ATP_BMv2/p4src/ATP_switch.p4(34) Primitive big_pool.read(value, register_index)
[12:16:38.508] [bmv2] [T] [thread 204089] [1.0] [cxt 0] Read register 'big_pool' at index 10 read value 1
[12:16:38.508] [bmv2] [T] [thread 204089] [1.0] [cxt 0] /home/mattiafiore/Desktop/ATP_BMv2/p4src/ATP_switch.p4(36) Primitive register_index
[12:16:38.508] [bmv2] [T] [thread 204089] [1.0] [cxt 0] Primitive (no source info)
[12:16:38.508] [bmv2] [T] [thread 204089] [1.0] [cxt 0] /home/mattiafiore/Desktop/ATP_BMv2/p4src/ATP_switch.p4(36) Primitive big_pool.write(register_index, n0)
[12:16:38.508] [bmv2] [T] [thread 204089] [1.0] [cxt 0] Wrote register 'big_pool' at index 10 with value 2
[12:16:38.508] [bmv2] [T] [thread 204089] [1.0] [cxt 0] Primitive (no source info)
[12:16:38.508] [bmv2] [T] [thread 204089] [1.0] [cxt 0] /home/mattiafiore/Desktop/ATP_BMv2/p4src/ATP_switch.p4(34) Primitive register_index
[12:16:38.508] [bmv2] [T] [thread 204089] [1.0] [cxt 0] /home/mattiafiore/Desktop/ATP_BMv2/p4src/ATP_switch.p4(34) Primitive big_pool.read(value, register_index)
[12:16:38.508] [bmv2] [T] [thread 204089] [1.0] [cxt 0] Read register 'big_pool' at index 11 read value 1
[12:16:38.508] [bmv2] [T] [thread 204089] [1.0] [cxt 0] /home/mattiafiore/Desktop/ATP_BMv2/p4src/ATP_switch.p4(36) Primitive register_index
[12:16:38.508] [bmv2] [T] [thread 204089] [1.0] [cxt 0] Primitive (no source info)
[12:16:38.508] [bmv2] [T] [thread 204089] [1.0] [cxt 0] /home/mattiafiore/Desktop/ATP_BMv2/p4src/ATP_switch.p4(36) Primitive big_pool.write(register_index, n0)
[12:16:38.508] [bmv2] [T] [thread 204089] [1.0] [cxt 0] Wrote register 'big_pool' at index 11 with value 2
[12:16:38.508] [bmv2] [T] [thread 204089] [1.0] [cxt 0] Primitive (no source info)
[12:16:38.508] [bmv2] [T] [thread 204089] [1.0] [cxt 0] /home/mattiafiore/Desktop/ATP_BMv2/p4src/ATP_switch.p4(34) Primitive register_index
[12:16:38.508] [bmv2] [T] [thread 204089] [1.0] [cxt 0] /home/mattiafiore/Desktop/ATP_BMv2/p4src/ATP_switch.p4(34) Primitive big_pool.read(value, register_index)
[12:16:38.508] [bmv2] [T] [thread 204089] [1.0] [cxt 0] Read register 'big_pool' at index 12 read value 1
[12:16:38.508] [bmv2] [T] [thread 204089] [1.0] [cxt 0] /home/mattiafiore/Desktop/ATP_BMv2/p4src/ATP_switch.p4(36) Primitive register_index
[12:16:38.508] [bmv2] [T] [thread 204089] [1.0] [cxt 0] Primitive (no source info)
[12:16:38.508] [bmv2] [T] [thread 204089] [1.0] [cxt 0] /home/mattiafiore/Desktop/ATP_BMv2/p4src/ATP_switch.p4(36) Primitive big_pool.write(register_index, n0)
[12:16:38.509] [bmv2] [T] [thread 204089] [1.0] [cxt 0] Wrote register 'big_pool' at index 12 with value 2
[12:16:38.509] [bmv2] [T] [thread 204089] [1.0] [cxt 0] Primitive (no source info)
[12:16:38.509] [bmv2] [T] [thread 204089] [1.0] [cxt 0] /home/mattiafiore/Desktop/ATP_BMv2/p4src/ATP_switch.p4(34) Primitive register_index
[12:16:38.509] [bmv2] [T] [thread 204089] [1.0] [cxt 0] /home/mattiafiore/Desktop/ATP_BMv2/p4src/ATP_switch.p4(34) Primitive big_pool.read(value, register_index)
[12:16:38.509] [bmv2] [T] [thread 204089] [1.0] [cxt 0] Read register 'big_pool' at index 13 read value 1
[12:16:38.509] [bmv2] [T] [thread 204089] [1.0] [cxt 0] /home/mattiafiore/Desktop/ATP_BMv2/p4src/ATP_switch.p4(36) Primitive register_index
[12:16:38.509] [bmv2] [T] [thread 204089] [1.0] [cxt 0] Primitive (no source info)
[12:16:38.509] [bmv2] [T] [thread 204089] [1.0] [cxt 0] /home/mattiafiore/Desktop/ATP_BMv2/p4src/ATP_switch.p4(36) Primitive big_pool.write(register_index, n0)
[12:16:38.509] [bmv2] [T] [thread 204089] [1.0] [cxt 0] Wrote register 'big_pool' at index 13 with value 2
[12:16:38.509] [bmv2] [T] [thread 204089] [1.0] [cxt 0] Primitive (no source info)
[12:16:38.509] [bmv2] [T] [thread 204089] [1.0] [cxt 0] /home/mattiafiore/Desktop/ATP_BMv2/p4src/ATP_switch.p4(34) Primitive register_index
[12:16:38.509] [bmv2] [T] [thread 204089] [1.0] [cxt 0] /home/mattiafiore/Desktop/ATP_BMv2/p4src/ATP_switch.p4(34) Primitive big_pool.read(value, register_index)
[12:16:38.509] [bmv2] [T] [thread 204089] [1.0] [cxt 0] Read register 'big_pool' at index 14 read value 1
[12:16:38.509] [bmv2] [T] [thread 204089] [1.0] [cxt 0] /home/mattiafiore/Desktop/ATP_BMv2/p4src/ATP_switch.p4(36) Primitive register_index
[12:16:38.509] [bmv2] [T] [thread 204089] [1.0] [cxt 0] Primitive (no source info)
[12:16:38.509] [bmv2] [T] [thread 204089] [1.0] [cxt 0] /home/mattiafiore/Desktop/ATP_BMv2/p4src/ATP_switch.p4(36) Primitive big_pool.write(register_index, n0)
[12:16:38.509] [bmv2] [T] [thread 204089] [1.0] [cxt 0] Wrote register 'big_pool' at index 14 with value 2
[12:16:38.509] [bmv2] [T] [thread 204089] [1.0] [cxt 0] Primitive (no source info)
[12:16:38.509] [bmv2] [T] [thread 204089] [1.0] [cxt 0] /home/mattiafiore/Desktop/ATP_BMv2/p4src/ATP_switch.p4(34) Primitive register_index
[12:16:38.509] [bmv2] [T] [thread 204089] [1.0] [cxt 0] /home/mattiafiore/Desktop/ATP_BMv2/p4src/ATP_switch.p4(34) Primitive big_pool.read(value, register_index)
[12:16:38.509] [bmv2] [T] [thread 204089] [1.0] [cxt 0] Read register 'big_pool' at index 15 read value 1
[12:16:38.509] [bmv2] [T] [thread 204089] [1.0] [cxt 0] /home/mattiafiore/Desktop/ATP_BMv2/p4src/ATP_switch.p4(36) Primitive register_index
[12:16:38.509] [bmv2] [T] [thread 204089] [1.0] [cxt 0] Primitive (no source info)
[12:16:38.509] [bmv2] [T] [thread 204089] [1.0] [cxt 0] /home/mattiafiore/Desktop/ATP_BMv2/p4src/ATP_switch.p4(36) Primitive big_pool.write(register_index, n0)
[12:16:38.509] [bmv2] [T] [thread 204089] [1.0] [cxt 0] Wrote register 'big_pool' at index 15 with value 2
[12:16:38.509] [bmv2] [T] [thread 204089] [1.0] [cxt 0] Primitive (no source info)
[12:16:38.509] [bmv2] [T] [thread 204089] [1.0] [cxt 0] /home/mattiafiore/Desktop/ATP_BMv2/p4src/ATP_switch.p4(34) Primitive register_index
[12:16:38.509] [bmv2] [T] [thread 204089] [1.0] [cxt 0] /home/mattiafiore/Desktop/ATP_BMv2/p4src/ATP_switch.p4(34) Primitive big_pool.read(value, register_index)
[12:16:38.509] [bmv2] [T] [thread 204089] [1.0] [cxt 0] Read register 'big_pool' at index 16 read value 1
[12:16:38.509] [bmv2] [T] [thread 204089] [1.0] [cxt 0] /home/mattiafiore/Desktop/ATP_BMv2/p4src/ATP_switch.p4(36) Primitive register_index
[12:16:38.509] [bmv2] [T] [thread 204089] [1.0] [cxt 0] Primitive (no source info)
[12:16:38.509] [bmv2] [T] [thread 204089] [1.0] [cxt 0] /home/mattiafiore/Desktop/ATP_BMv2/p4src/ATP_switch.p4(36) Primitive big_pool.write(register_index, n0)
[12:16:38.509] [bmv2] [T] [thread 204089] [1.0] [cxt 0] Wrote register 'big_pool' at index 16 with value 2
[12:16:38.509] [bmv2] [T] [thread 204089] [1.0] [cxt 0] Primitive (no source info)
[12:16:38.509] [bmv2] [T] [thread 204089] [1.0] [cxt 0] /home/mattiafiore/Desktop/ATP_BMv2/p4src/ATP_switch.p4(34) Primitive register_index
[12:16:38.509] [bmv2] [T] [thread 204089] [1.0] [cxt 0] /home/mattiafiore/Desktop/ATP_BMv2/p4src/ATP_switch.p4(34) Primitive big_pool.read(value, register_index)
[12:16:38.509] [bmv2] [T] [thread 204089] [1.0] [cxt 0] Read register 'big_pool' at index 17 read value 1
[12:16:38.509] [bmv2] [T] [thread 204089] [1.0] [cxt 0] /home/mattiafiore/Desktop/ATP_BMv2/p4src/ATP_switch.p4(36) Primitive register_index
[12:16:38.509] [bmv2] [T] [thread 204089] [1.0] [cxt 0] Primitive (no source info)
[12:16:38.509] [bmv2] [T] [thread 204089] [1.0] [cxt 0] /home/mattiafiore/Desktop/ATP_BMv2/p4src/ATP_switch.p4(36) Primitive big_pool.write(register_index, n0)
[12:16:38.509] [bmv2] [T] [thread 204089] [1.0] [cxt 0] Wrote register 'big_pool' at index 17 with value 2
[12:16:38.509] [bmv2] [T] [thread 204089] [1.0] [cxt 0] Primitive (no source info)
[12:16:38.509] [bmv2] [T] [thread 204089] [1.0] [cxt 0] /home/mattiafiore/Desktop/ATP_BMv2/p4src/ATP_switch.p4(34) Primitive register_index
[12:16:38.509] [bmv2] [T] [thread 204089] [1.0] [cxt 0] /home/mattiafiore/Desktop/ATP_BMv2/p4src/ATP_switch.p4(34) Primitive big_pool.read(value, register_index)
[12:16:38.509] [bmv2] [T] [thread 204089] [1.0] [cxt 0] Read register 'big_pool' at index 18 read value 1
[12:16:38.509] [bmv2] [T] [thread 204089] [1.0] [cxt 0] /home/mattiafiore/Desktop/ATP_BMv2/p4src/ATP_switch.p4(36) Primitive register_index
[12:16:38.509] [bmv2] [T] [thread 204089] [1.0] [cxt 0] Primitive (no source info)
[12:16:38.509] [bmv2] [T] [thread 204089] [1.0] [cxt 0] /home/mattiafiore/Desktop/ATP_BMv2/p4src/ATP_switch.p4(36) Primitive big_pool.write(register_index, n0)
[12:16:38.509] [bmv2] [T] [thread 204089] [1.0] [cxt 0] Wrote register 'big_pool' at index 18 with value 2
[12:16:38.509] [bmv2] [T] [thread 204089] [1.0] [cxt 0] Primitive (no source info)
[12:16:38.509] [bmv2] [T] [thread 204089] [1.0] [cxt 0] /home/mattiafiore/Desktop/ATP_BMv2/p4src/ATP_switch.p4(34) Primitive register_index
[12:16:38.509] [bmv2] [T] [thread 204089] [1.0] [cxt 0] /home/mattiafiore/Desktop/ATP_BMv2/p4src/ATP_switch.p4(34) Primitive big_pool.read(value, register_index)
[12:16:38.509] [bmv2] [T] [thread 204089] [1.0] [cxt 0] Read register 'big_pool' at index 19 read value 1
[12:16:38.509] [bmv2] [T] [thread 204089] [1.0] [cxt 0] /home/mattiafiore/Desktop/ATP_BMv2/p4src/ATP_switch.p4(36) Primitive register_index
[12:16:38.509] [bmv2] [T] [thread 204089] [1.0] [cxt 0] Primitive (no source info)
[12:16:38.509] [bmv2] [T] [thread 204089] [1.0] [cxt 0] /home/mattiafiore/Desktop/ATP_BMv2/p4src/ATP_switch.p4(36) Primitive big_pool.write(register_index, n0)
[12:16:38.509] [bmv2] [T] [thread 204089] [1.0] [cxt 0] Wrote register 'big_pool' at index 19 with value 2
[12:16:38.509] [bmv2] [T] [thread 204089] [1.0] [cxt 0] Primitive (no source info)
[12:16:38.509] [bmv2] [T] [thread 204089] [1.0] [cxt 0] Applying table 'tbl_increase_counter'
[12:16:38.509] [bmv2] [D] [thread 204089] [1.0] [cxt 0] Looking up key:

[12:16:38.509] [bmv2] [D] [thread 204089] [1.0] [cxt 0] Table 'tbl_increase_counter': miss
[12:16:38.509] [bmv2] [D] [thread 204089] [1.0] [cxt 0] Action entry is MyIngress.increase_counter - 
[12:16:38.509] [bmv2] [T] [thread 204089] [1.0] [cxt 0] Action MyIngress.increase_counter
[12:16:38.509] [bmv2] [T] [thread 204089] [1.0] [cxt 0] /home/mattiafiore/Desktop/ATP_BMv2/p4src/ATP_switch.p4(49) Primitive (bit<32>) hdr.atp.aggregatorIndex
[12:16:38.509] [bmv2] [T] [thread 204089] [1.0] [cxt 0] /home/mattiafiore/Desktop/ATP_BMv2/p4src/ATP_switch.p4(49) Primitive counts.read(value, (bit<32>) hdr.atp.aggregatorIndex)
[12:16:38.509] [bmv2] [T] [thread 204089] [1.0] [cxt 0] Read register 'counts' at index 1 read value 1
[12:16:38.509] [bmv2] [T] [thread 204089] [1.0] [cxt 0] /home/mattiafiore/Desktop/ATP_BMv2/p4src/ATP_switch.p4(50) Primitive value = value + 1
[12:16:38.509] [bmv2] [T] [thread 204089] [1.0] [cxt 0] /home/mattiafiore/Desktop/ATP_BMv2/p4src/ATP_switch.p4(51) Primitive (bit<32>) hdr.atp.aggregatorIndex
[12:16:38.509] [bmv2] [T] [thread 204089] [1.0] [cxt 0] /home/mattiafiore/Desktop/ATP_BMv2/p4src/ATP_switch.p4(51) Primitive counts.write((bit<32>) hdr.atp.aggregatorIndex, value)
[12:16:38.509] [bmv2] [T] [thread 204089] [1.0] [cxt 0] Wrote register 'counts' at index 1 with value 2
[12:16:38.509] [bmv2] [T] [thread 204089] [1.0] [cxt 0] /home/mattiafiore/Desktop/ATP_BMv2/p4src/ATP_switch.p4(52) Primitive meta.current_counter = value
[12:16:38.509] [bmv2] [T] [thread 204089] [1.0] [cxt 0] Applying table 'tbl_ATP_switch99'
[12:16:38.509] [bmv2] [D] [thread 204089] [1.0] [cxt 0] Looking up key:

[12:16:38.509] [bmv2] [D] [thread 204089] [1.0] [cxt 0] Table 'tbl_ATP_switch99': miss
[12:16:38.509] [bmv2] [D] [thread 204089] [1.0] [cxt 0] Action entry is ATP_switch99 - 
[12:16:38.509] [bmv2] [T] [thread 204089] [1.0] [cxt 0] Action ATP_switch99
[12:16:38.509] [bmv2] [T] [thread 204089] [1.0] [cxt 0] /home/mattiafiore/Desktop/ATP_BMv2/p4src/ATP_switch.p4(99) Primitive hdr.atp.JobIdAndSequenceNumber[31:24]
[12:16:38.509] [bmv2] [T] [thread 204089] [1.0] [cxt 0] Applying table 'MyIngress.workers4job'
[12:16:38.509] [bmv2] [D] [thread 204089] [1.0] [cxt 0] Looking up key:
* hdr.atp.JobIdAndSequenceNumber[31:24]: 01
* meta.current_counter                 : 00000002

[12:16:38.509] [bmv2] [D] [thread 204089] [1.0] [cxt 0] Table 'MyIngress.workers4job': miss
[12:16:38.509] [bmv2] [D] [thread 204089] [1.0] [cxt 0] Action entry is NoAction - 
[12:16:38.509] [bmv2] [T] [thread 204089] [1.0] [cxt 0] Action NoAction
[12:16:38.509] [bmv2] [D] [thread 204089] [1.0] [cxt 0] Pipeline 'ingress': end
[12:16:38.509] [bmv2] [D] [thread 204089] [1.0] [cxt 0] Egress port is 3
[12:16:38.509] [bmv2] [D] [thread 204093] [1.0] [cxt 0] Pipeline 'egress': start
[12:16:38.509] [bmv2] [D] [thread 204093] [1.0] [cxt 0] Pipeline 'egress': end
[12:16:38.509] [bmv2] [D] [thread 204093] [1.0] [cxt 0] Deparser 'deparser': start
[12:16:38.509] [bmv2] [D] [thread 204093] [1.0] [cxt 0] Deparsing header 'eth'
[12:16:38.509] [bmv2] [D] [thread 204093] [1.0] [cxt 0] Deparsing header 'ipv4'
[12:16:38.509] [bmv2] [D] [thread 204093] [1.0] [cxt 0] Deparsing header 'atp'
[12:16:38.509] [bmv2] [D] [thread 204093] [1.0] [cxt 0] Deparsing header 'data'
[12:16:38.509] [bmv2] [D] [thread 204093] [1.0] [cxt 0] Deparser 'deparser': end
[12:16:38.509] [bmv2] [D] [thread 204094] [1.0] [cxt 0] Transmitting packet of size 90 out of port 3
[12:16:39.572] [bmv2] [D] [thread 204089] [2.0] [cxt 0] Processing packet received on port 1
[12:16:39.572] [bmv2] [D] [thread 204089] [2.0] [cxt 0] Parser 'parser': start
[12:16:39.572] [bmv2] [D] [thread 204089] [2.0] [cxt 0] Parser 'parser' entering state 'start'
[12:16:39.572] [bmv2] [D] [thread 204089] [2.0] [cxt 0] Extracting header 'eth'
[12:16:39.572] [bmv2] [D] [thread 204089] [2.0] [cxt 0] Parser state 'start': key is 0800
[12:16:39.572] [bmv2] [T] [thread 204089] [2.0] [cxt 0] Bytes parsed: 14
[12:16:39.572] [bmv2] [D] [thread 204089] [2.0] [cxt 0] Parser 'parser' entering state 'parse_ipv4'
[12:16:39.572] [bmv2] [D] [thread 204089] [2.0] [cxt 0] Extracting header 'ipv4'
[12:16:39.572] [bmv2] [D] [thread 204089] [2.0] [cxt 0] Parser state 'parse_ipv4': key is 99
[12:16:39.572] [bmv2] [T] [thread 204089] [2.0] [cxt 0] Bytes parsed: 34
[12:16:39.572] [bmv2] [D] [thread 204089] [2.0] [cxt 0] Parser 'parser' entering state 'parse_atp'
[12:16:39.572] [bmv2] [D] [thread 204089] [2.0] [cxt 0] Extracting header 'atp'
[12:16:39.572] [bmv2] [D] [thread 204089] [2.0] [cxt 0] Extracting header 'data'
[12:16:39.572] [bmv2] [D] [thread 204089] [2.0] [cxt 0] Parser state 'parse_atp' has no switch, going to default next state
[12:16:39.572] [bmv2] [T] [thread 204089] [2.0] [cxt 0] Bytes parsed: 90
[12:16:39.572] [bmv2] [D] [thread 204089] [2.0] [cxt 0] Parser 'parser': end
[12:16:39.572] [bmv2] [D] [thread 204089] [2.0] [cxt 0] Pipeline 'ingress': start
[12:16:39.572] [bmv2] [T] [thread 204089] [2.0] [cxt 0] Applying table 'tbl_ATP_switch112'
[12:16:39.572] [bmv2] [D] [thread 204089] [2.0] [cxt 0] Looking up key:

[12:16:39.572] [bmv2] [D] [thread 204089] [2.0] [cxt 0] Table 'tbl_ATP_switch112': miss
[12:16:39.572] [bmv2] [D] [thread 204089] [2.0] [cxt 0] Action entry is ATP_switch112 - 
[12:16:39.572] [bmv2] [T] [thread 204089] [2.0] [cxt 0] Action ATP_switch112
[12:16:39.572] [bmv2] [T] [thread 204089] [2.0] [cxt 0] /home/mattiafiore/Desktop/ATP_BMv2/p4src/ATP_switch.p4(112) Primitive standard_metadata.egress_spec = 3
[12:16:39.572] [bmv2] [T] [thread 204089] [2.0] [cxt 0] /home/mattiafiore/Desktop/ATP_BMv2/p4src/ATP_switch.p4(119) Primitive (bit<32>)index
[12:16:39.572] [bmv2] [T] [thread 204089] [2.0] [cxt 0] /home/mattiafiore/Desktop/ATP_BMv2/p4src/ATP_switch.p4(119) Primitive owner_pool.read(owner, (bit<32>)index)
[12:16:39.572] [bmv2] [T] [thread 204089] [2.0] [cxt 0] Read register 'owner_pool' at index 1 read value 16777216
[12:16:39.572] [bmv2] [T] [thread 204089] [2.0] [cxt 0] Applying table 'MyIngress.pool_access'
[12:16:39.572] [bmv2] [D] [thread 204089] [2.0] [cxt 0] Looking up key:
* hdr.atp.aggregatorIndex: 0001

[12:16:39.572] [bmv2] [D] [thread 204089] [2.0] [cxt 0] Table 'MyIngress.pool_access': hit with handle 1
[12:16:39.572] [bmv2] [D] [thread 204089] [2.0] [cxt 0] Dumping entry 1
Match key:
* hdr.atp.aggregatorIndex: EXACT     0001
Action entry: MyIngress.aggregate - a,

[12:16:39.572] [bmv2] [D] [thread 204089] [2.0] [cxt 0] Action entry is MyIngress.aggregate - a,
[12:16:39.572] [bmv2] [T] [thread 204089] [2.0] [cxt 0] Action MyIngress.aggregate
[12:16:39.572] [bmv2] [T] [thread 204089] [2.0] [cxt 0] /home/mattiafiore/Desktop/ATP_BMv2/p4src/ATP_switch.p4(43) Primitive meta.slice_index = slice_index
[12:16:39.572] [bmv2] [T] [thread 204089] [2.0] [cxt 0] /home/mattiafiore/Desktop/ATP_BMv2/p4src/ATP_switch.p4(122) Condition "owner == hdr.atp.JobIdAndSequenceNumber" (node_4) is true
[12:16:39.572] [bmv2] [T] [thread 204089] [2.0] [cxt 0] Applying table 'tbl_aggregate_values'
[12:16:39.572] [bmv2] [D] [thread 204089] [2.0] [cxt 0] Looking up key:

[12:16:39.572] [bmv2] [D] [thread 204089] [2.0] [cxt 0] Table 'tbl_aggregate_values': miss
[12:16:39.572] [bmv2] [D] [thread 204089] [2.0] [cxt 0] Action entry is MyIngress.aggregate_values - 
[12:16:39.572] [bmv2] [T] [thread 204089] [2.0] [cxt 0] Action MyIngress.aggregate_values
[12:16:39.572] [bmv2] [T] [thread 204089] [2.0] [cxt 0] /home/mattiafiore/Desktop/ATP_BMv2/p4src/ATP_switch.p4(34) Primitive register_index
[12:16:39.572] [bmv2] [T] [thread 204089] [2.0] [cxt 0] /home/mattiafiore/Desktop/ATP_BMv2/p4src/ATP_switch.p4(34) Primitive big_pool.read(value, register_index)
[12:16:39.572] [bmv2] [T] [thread 204089] [2.0] [cxt 0] Read register 'big_pool' at index 10 read value 2
[12:16:39.572] [bmv2] [T] [thread 204089] [2.0] [cxt 0] /home/mattiafiore/Desktop/ATP_BMv2/p4src/ATP_switch.p4(36) Primitive register_index
[12:16:39.572] [bmv2] [T] [thread 204089] [2.0] [cxt 0] Primitive (no source info)
[12:16:39.572] [bmv2] [T] [thread 204089] [2.0] [cxt 0] /home/mattiafiore/Desktop/ATP_BMv2/p4src/ATP_switch.p4(36) Primitive big_pool.write(register_index, n0)
[12:16:39.572] [bmv2] [T] [thread 204089] [2.0] [cxt 0] Wrote register 'big_pool' at index 10 with value 3
[12:16:39.572] [bmv2] [T] [thread 204089] [2.0] [cxt 0] Primitive (no source info)
[12:16:39.572] [bmv2] [T] [thread 204089] [2.0] [cxt 0] /home/mattiafiore/Desktop/ATP_BMv2/p4src/ATP_switch.p4(34) Primitive register_index
[12:16:39.572] [bmv2] [T] [thread 204089] [2.0] [cxt 0] /home/mattiafiore/Desktop/ATP_BMv2/p4src/ATP_switch.p4(34) Primitive big_pool.read(value, register_index)
[12:16:39.572] [bmv2] [T] [thread 204089] [2.0] [cxt 0] Read register 'big_pool' at index 11 read value 2
[12:16:39.572] [bmv2] [T] [thread 204089] [2.0] [cxt 0] /home/mattiafiore/Desktop/ATP_BMv2/p4src/ATP_switch.p4(36) Primitive register_index
[12:16:39.572] [bmv2] [T] [thread 204089] [2.0] [cxt 0] Primitive (no source info)
[12:16:39.572] [bmv2] [T] [thread 204089] [2.0] [cxt 0] /home/mattiafiore/Desktop/ATP_BMv2/p4src/ATP_switch.p4(36) Primitive big_pool.write(register_index, n0)
[12:16:39.572] [bmv2] [T] [thread 204089] [2.0] [cxt 0] Wrote register 'big_pool' at index 11 with value 3
[12:16:39.572] [bmv2] [T] [thread 204089] [2.0] [cxt 0] Primitive (no source info)
[12:16:39.572] [bmv2] [T] [thread 204089] [2.0] [cxt 0] /home/mattiafiore/Desktop/ATP_BMv2/p4src/ATP_switch.p4(34) Primitive register_index
[12:16:39.572] [bmv2] [T] [thread 204089] [2.0] [cxt 0] /home/mattiafiore/Desktop/ATP_BMv2/p4src/ATP_switch.p4(34) Primitive big_pool.read(value, register_index)
[12:16:39.572] [bmv2] [T] [thread 204089] [2.0] [cxt 0] Read register 'big_pool' at index 12 read value 2
[12:16:39.573] [bmv2] [T] [thread 204089] [2.0] [cxt 0] /home/mattiafiore/Desktop/ATP_BMv2/p4src/ATP_switch.p4(36) Primitive register_index
[12:16:39.573] [bmv2] [T] [thread 204089] [2.0] [cxt 0] Primitive (no source info)
[12:16:39.573] [bmv2] [T] [thread 204089] [2.0] [cxt 0] /home/mattiafiore/Desktop/ATP_BMv2/p4src/ATP_switch.p4(36) Primitive big_pool.write(register_index, n0)
[12:16:39.573] [bmv2] [T] [thread 204089] [2.0] [cxt 0] Wrote register 'big_pool' at index 12 with value 3
[12:16:39.573] [bmv2] [T] [thread 204089] [2.0] [cxt 0] Primitive (no source info)
[12:16:39.573] [bmv2] [T] [thread 204089] [2.0] [cxt 0] /home/mattiafiore/Desktop/ATP_BMv2/p4src/ATP_switch.p4(34) Primitive register_index
[12:16:39.573] [bmv2] [T] [thread 204089] [2.0] [cxt 0] /home/mattiafiore/Desktop/ATP_BMv2/p4src/ATP_switch.p4(34) Primitive big_pool.read(value, register_index)
[12:16:39.573] [bmv2] [T] [thread 204089] [2.0] [cxt 0] Read register 'big_pool' at index 13 read value 2
[12:16:39.573] [bmv2] [T] [thread 204089] [2.0] [cxt 0] /home/mattiafiore/Desktop/ATP_BMv2/p4src/ATP_switch.p4(36) Primitive register_index
[12:16:39.573] [bmv2] [T] [thread 204089] [2.0] [cxt 0] Primitive (no source info)
[12:16:39.573] [bmv2] [T] [thread 204089] [2.0] [cxt 0] /home/mattiafiore/Desktop/ATP_BMv2/p4src/ATP_switch.p4(36) Primitive big_pool.write(register_index, n0)
[12:16:39.573] [bmv2] [T] [thread 204089] [2.0] [cxt 0] Wrote register 'big_pool' at index 13 with value 3
[12:16:39.573] [bmv2] [T] [thread 204089] [2.0] [cxt 0] Primitive (no source info)
[12:16:39.573] [bmv2] [T] [thread 204089] [2.0] [cxt 0] /home/mattiafiore/Desktop/ATP_BMv2/p4src/ATP_switch.p4(34) Primitive register_index
[12:16:39.573] [bmv2] [T] [thread 204089] [2.0] [cxt 0] /home/mattiafiore/Desktop/ATP_BMv2/p4src/ATP_switch.p4(34) Primitive big_pool.read(value, register_index)
[12:16:39.573] [bmv2] [T] [thread 204089] [2.0] [cxt 0] Read register 'big_pool' at index 14 read value 2
[12:16:39.573] [bmv2] [T] [thread 204089] [2.0] [cxt 0] /home/mattiafiore/Desktop/ATP_BMv2/p4src/ATP_switch.p4(36) Primitive register_index
[12:16:39.573] [bmv2] [T] [thread 204089] [2.0] [cxt 0] Primitive (no source info)
[12:16:39.573] [bmv2] [T] [thread 204089] [2.0] [cxt 0] /home/mattiafiore/Desktop/ATP_BMv2/p4src/ATP_switch.p4(36) Primitive big_pool.write(register_index, n0)
[12:16:39.573] [bmv2] [T] [thread 204089] [2.0] [cxt 0] Wrote register 'big_pool' at index 14 with value 3
[12:16:39.573] [bmv2] [T] [thread 204089] [2.0] [cxt 0] Primitive (no source info)
[12:16:39.573] [bmv2] [T] [thread 204089] [2.0] [cxt 0] /home/mattiafiore/Desktop/ATP_BMv2/p4src/ATP_switch.p4(34) Primitive register_index
[12:16:39.573] [bmv2] [T] [thread 204089] [2.0] [cxt 0] /home/mattiafiore/Desktop/ATP_BMv2/p4src/ATP_switch.p4(34) Primitive big_pool.read(value, register_index)
[12:16:39.573] [bmv2] [T] [thread 204089] [2.0] [cxt 0] Read register 'big_pool' at index 15 read value 2
[12:16:39.573] [bmv2] [T] [thread 204089] [2.0] [cxt 0] /home/mattiafiore/Desktop/ATP_BMv2/p4src/ATP_switch.p4(36) Primitive register_index
[12:16:39.573] [bmv2] [T] [thread 204089] [2.0] [cxt 0] Primitive (no source info)
[12:16:39.573] [bmv2] [T] [thread 204089] [2.0] [cxt 0] /home/mattiafiore/Desktop/ATP_BMv2/p4src/ATP_switch.p4(36) Primitive big_pool.write(register_index, n0)
[12:16:39.573] [bmv2] [T] [thread 204089] [2.0] [cxt 0] Wrote register 'big_pool' at index 15 with value 3
[12:16:39.573] [bmv2] [T] [thread 204089] [2.0] [cxt 0] Primitive (no source info)
[12:16:39.573] [bmv2] [T] [thread 204089] [2.0] [cxt 0] /home/mattiafiore/Desktop/ATP_BMv2/p4src/ATP_switch.p4(34) Primitive register_index
[12:16:39.573] [bmv2] [T] [thread 204089] [2.0] [cxt 0] /home/mattiafiore/Desktop/ATP_BMv2/p4src/ATP_switch.p4(34) Primitive big_pool.read(value, register_index)
[12:16:39.573] [bmv2] [T] [thread 204089] [2.0] [cxt 0] Read register 'big_pool' at index 16 read value 2
[12:16:39.573] [bmv2] [T] [thread 204089] [2.0] [cxt 0] /home/mattiafiore/Desktop/ATP_BMv2/p4src/ATP_switch.p4(36) Primitive register_index
[12:16:39.573] [bmv2] [T] [thread 204089] [2.0] [cxt 0] Primitive (no source info)
[12:16:39.573] [bmv2] [T] [thread 204089] [2.0] [cxt 0] /home/mattiafiore/Desktop/ATP_BMv2/p4src/ATP_switch.p4(36) Primitive big_pool.write(register_index, n0)
[12:16:39.573] [bmv2] [T] [thread 204089] [2.0] [cxt 0] Wrote register 'big_pool' at index 16 with value 3
[12:16:39.573] [bmv2] [T] [thread 204089] [2.0] [cxt 0] Primitive (no source info)
[12:16:39.573] [bmv2] [T] [thread 204089] [2.0] [cxt 0] /home/mattiafiore/Desktop/ATP_BMv2/p4src/ATP_switch.p4(34) Primitive register_index
[12:16:39.573] [bmv2] [T] [thread 204089] [2.0] [cxt 0] /home/mattiafiore/Desktop/ATP_BMv2/p4src/ATP_switch.p4(34) Primitive big_pool.read(value, register_index)
[12:16:39.573] [bmv2] [T] [thread 204089] [2.0] [cxt 0] Read register 'big_pool' at index 17 read value 2
[12:16:39.573] [bmv2] [T] [thread 204089] [2.0] [cxt 0] /home/mattiafiore/Desktop/ATP_BMv2/p4src/ATP_switch.p4(36) Primitive register_index
[12:16:39.573] [bmv2] [T] [thread 204089] [2.0] [cxt 0] Primitive (no source info)
[12:16:39.573] [bmv2] [T] [thread 204089] [2.0] [cxt 0] /home/mattiafiore/Desktop/ATP_BMv2/p4src/ATP_switch.p4(36) Primitive big_pool.write(register_index, n0)
[12:16:39.573] [bmv2] [T] [thread 204089] [2.0] [cxt 0] Wrote register 'big_pool' at index 17 with value 3
[12:16:39.573] [bmv2] [T] [thread 204089] [2.0] [cxt 0] Primitive (no source info)
[12:16:39.573] [bmv2] [T] [thread 204089] [2.0] [cxt 0] /home/mattiafiore/Desktop/ATP_BMv2/p4src/ATP_switch.p4(34) Primitive register_index
[12:16:39.573] [bmv2] [T] [thread 204089] [2.0] [cxt 0] /home/mattiafiore/Desktop/ATP_BMv2/p4src/ATP_switch.p4(34) Primitive big_pool.read(value, register_index)
[12:16:39.573] [bmv2] [T] [thread 204089] [2.0] [cxt 0] Read register 'big_pool' at index 18 read value 2
[12:16:39.573] [bmv2] [T] [thread 204089] [2.0] [cxt 0] /home/mattiafiore/Desktop/ATP_BMv2/p4src/ATP_switch.p4(36) Primitive register_index
[12:16:39.573] [bmv2] [T] [thread 204089] [2.0] [cxt 0] Primitive (no source info)
[12:16:39.573] [bmv2] [T] [thread 204089] [2.0] [cxt 0] /home/mattiafiore/Desktop/ATP_BMv2/p4src/ATP_switch.p4(36) Primitive big_pool.write(register_index, n0)
[12:16:39.573] [bmv2] [T] [thread 204089] [2.0] [cxt 0] Wrote register 'big_pool' at index 18 with value 3
[12:16:39.573] [bmv2] [T] [thread 204089] [2.0] [cxt 0] Primitive (no source info)
[12:16:39.573] [bmv2] [T] [thread 204089] [2.0] [cxt 0] /home/mattiafiore/Desktop/ATP_BMv2/p4src/ATP_switch.p4(34) Primitive register_index
[12:16:39.573] [bmv2] [T] [thread 204089] [2.0] [cxt 0] /home/mattiafiore/Desktop/ATP_BMv2/p4src/ATP_switch.p4(34) Primitive big_pool.read(value, register_index)
[12:16:39.573] [bmv2] [T] [thread 204089] [2.0] [cxt 0] Read register 'big_pool' at index 19 read value 2
[12:16:39.573] [bmv2] [T] [thread 204089] [2.0] [cxt 0] /home/mattiafiore/Desktop/ATP_BMv2/p4src/ATP_switch.p4(36) Primitive register_index
[12:16:39.573] [bmv2] [T] [thread 204089] [2.0] [cxt 0] Primitive (no source info)
[12:16:39.573] [bmv2] [T] [thread 204089] [2.0] [cxt 0] /home/mattiafiore/Desktop/ATP_BMv2/p4src/ATP_switch.p4(36) Primitive big_pool.write(register_index, n0)
[12:16:39.573] [bmv2] [T] [thread 204089] [2.0] [cxt 0] Wrote register 'big_pool' at index 19 with value 3
[12:16:39.573] [bmv2] [T] [thread 204089] [2.0] [cxt 0] Primitive (no source info)
[12:16:39.573] [bmv2] [T] [thread 204089] [2.0] [cxt 0] Applying table 'tbl_increase_counter'
[12:16:39.573] [bmv2] [D] [thread 204089] [2.0] [cxt 0] Looking up key:

[12:16:39.573] [bmv2] [D] [thread 204089] [2.0] [cxt 0] Table 'tbl_increase_counter': miss
[12:16:39.573] [bmv2] [D] [thread 204089] [2.0] [cxt 0] Action entry is MyIngress.increase_counter - 
[12:16:39.573] [bmv2] [T] [thread 204089] [2.0] [cxt 0] Action MyIngress.increase_counter
[12:16:39.573] [bmv2] [T] [thread 204089] [2.0] [cxt 0] /home/mattiafiore/Desktop/ATP_BMv2/p4src/ATP_switch.p4(49) Primitive (bit<32>) hdr.atp.aggregatorIndex
[12:16:39.573] [bmv2] [T] [thread 204089] [2.0] [cxt 0] /home/mattiafiore/Desktop/ATP_BMv2/p4src/ATP_switch.p4(49) Primitive counts.read(value, (bit<32>) hdr.atp.aggregatorIndex)
[12:16:39.573] [bmv2] [T] [thread 204089] [2.0] [cxt 0] Read register 'counts' at index 1 read value 2
[12:16:39.573] [bmv2] [T] [thread 204089] [2.0] [cxt 0] /home/mattiafiore/Desktop/ATP_BMv2/p4src/ATP_switch.p4(50) Primitive value = value + 1
[12:16:39.573] [bmv2] [T] [thread 204089] [2.0] [cxt 0] /home/mattiafiore/Desktop/ATP_BMv2/p4src/ATP_switch.p4(51) Primitive (bit<32>) hdr.atp.aggregatorIndex
[12:16:39.573] [bmv2] [T] [thread 204089] [2.0] [cxt 0] /home/mattiafiore/Desktop/ATP_BMv2/p4src/ATP_switch.p4(51) Primitive counts.write((bit<32>) hdr.atp.aggregatorIndex, value)
[12:16:39.573] [bmv2] [T] [thread 204089] [2.0] [cxt 0] Wrote register 'counts' at index 1 with value 3
[12:16:39.573] [bmv2] [T] [thread 204089] [2.0] [cxt 0] /home/mattiafiore/Desktop/ATP_BMv2/p4src/ATP_switch.p4(52) Primitive meta.current_counter = value
[12:16:39.573] [bmv2] [T] [thread 204089] [2.0] [cxt 0] Applying table 'tbl_ATP_switch99'
[12:16:39.573] [bmv2] [D] [thread 204089] [2.0] [cxt 0] Looking up key:

[12:16:39.573] [bmv2] [D] [thread 204089] [2.0] [cxt 0] Table 'tbl_ATP_switch99': miss
[12:16:39.573] [bmv2] [D] [thread 204089] [2.0] [cxt 0] Action entry is ATP_switch99 - 
[12:16:39.573] [bmv2] [T] [thread 204089] [2.0] [cxt 0] Action ATP_switch99
[12:16:39.573] [bmv2] [T] [thread 204089] [2.0] [cxt 0] /home/mattiafiore/Desktop/ATP_BMv2/p4src/ATP_switch.p4(99) Primitive hdr.atp.JobIdAndSequenceNumber[31:24]
[12:16:39.573] [bmv2] [T] [thread 204089] [2.0] [cxt 0] Applying table 'MyIngress.workers4job'
[12:16:39.573] [bmv2] [D] [thread 204089] [2.0] [cxt 0] Looking up key:
* hdr.atp.JobIdAndSequenceNumber[31:24]: 01
* meta.current_counter                 : 00000003

[12:16:39.573] [bmv2] [D] [thread 204089] [2.0] [cxt 0] Table 'MyIngress.workers4job': miss
[12:16:39.573] [bmv2] [D] [thread 204089] [2.0] [cxt 0] Action entry is NoAction - 
[12:16:39.573] [bmv2] [T] [thread 204089] [2.0] [cxt 0] Action NoAction
[12:16:39.573] [bmv2] [D] [thread 204089] [2.0] [cxt 0] Pipeline 'ingress': end
[12:16:39.573] [bmv2] [D] [thread 204089] [2.0] [cxt 0] Egress port is 3
[12:16:39.574] [bmv2] [D] [thread 204093] [2.0] [cxt 0] Pipeline 'egress': start
[12:16:39.574] [bmv2] [D] [thread 204093] [2.0] [cxt 0] Pipeline 'egress': end
[12:16:39.574] [bmv2] [D] [thread 204093] [2.0] [cxt 0] Deparser 'deparser': start
[12:16:39.574] [bmv2] [D] [thread 204093] [2.0] [cxt 0] Deparsing header 'eth'
[12:16:39.574] [bmv2] [D] [thread 204093] [2.0] [cxt 0] Deparsing header 'ipv4'
[12:16:39.574] [bmv2] [D] [thread 204093] [2.0] [cxt 0] Deparsing header 'atp'
[12:16:39.574] [bmv2] [D] [thread 204093] [2.0] [cxt 0] Deparsing header 'data'
[12:16:39.574] [bmv2] [D] [thread 204093] [2.0] [cxt 0] Deparser 'deparser': end
[12:16:39.574] [bmv2] [D] [thread 204094] [2.0] [cxt 0] Transmitting packet of size 90 out of port 3
[12:16:42.411] [bmv2] [T] [thread 204234] bm_register_read
[12:16:42.412] [bmv2] [T] [thread 204234] bm_register_read
[12:16:42.413] [bmv2] [T] [thread 204234] bm_register_read
[12:16:42.413] [bmv2] [T] [thread 204234] bm_register_read
[12:16:42.414] [bmv2] [T] [thread 204234] bm_register_read
[12:16:42.414] [bmv2] [T] [thread 204234] bm_register_read
[12:16:42.414] [bmv2] [T] [thread 204234] bm_register_read
[12:16:42.415] [bmv2] [T] [thread 204234] bm_register_read
[12:16:42.415] [bmv2] [T] [thread 204234] bm_register_read
[12:16:42.415] [bmv2] [T] [thread 204234] bm_register_read
[12:16:42.416] [bmv2] [T] [thread 204234] bm_register_read
[12:16:42.416] [bmv2] [T] [thread 204234] bm_register_read
[12:16:42.416] [bmv2] [T] [thread 204234] bm_register_read
[12:16:42.416] [bmv2] [T] [thread 204234] bm_register_read
[12:16:42.416] [bmv2] [T] [thread 204234] bm_register_read
[12:16:42.417] [bmv2] [T] [thread 204234] bm_register_read
[12:16:42.417] [bmv2] [T] [thread 204234] bm_register_read
[12:16:42.417] [bmv2] [T] [thread 204234] bm_register_read
[12:16:42.417] [bmv2] [T] [thread 204234] bm_register_read
[12:16:42.417] [bmv2] [T] [thread 204234] bm_register_read
[12:16:42.417] [bmv2] [T] [thread 204234] bm_register_read
[12:16:42.417] [bmv2] [T] [thread 204234] bm_register_read
[12:16:42.417] [bmv2] [T] [thread 204234] bm_register_read
[12:16:42.417] [bmv2] [T] [thread 204234] bm_register_read
[12:16:42.417] [bmv2] [T] [thread 204234] bm_register_read
[12:16:42.417] [bmv2] [T] [thread 204234] bm_register_read
[12:16:42.418] [bmv2] [T] [thread 204234] bm_register_read
[12:16:42.418] [bmv2] [T] [thread 204234] bm_register_read
[12:16:42.418] [bmv2] [T] [thread 204234] bm_register_read
[12:16:42.418] [bmv2] [T] [thread 204234] bm_register_read
[12:16:42.418] [bmv2] [T] [thread 204234] bm_register_read
[12:16:42.418] [bmv2] [T] [thread 204234] bm_register_read
[12:16:42.418] [bmv2] [T] [thread 204234] bm_register_read
[12:16:42.419] [bmv2] [T] [thread 204234] bm_register_read
[12:16:42.419] [bmv2] [T] [thread 204234] bm_register_read
[12:16:42.419] [bmv2] [T] [thread 204234] bm_register_read
[12:16:42.419] [bmv2] [T] [thread 204234] bm_register_read
[12:16:42.419] [bmv2] [T] [thread 204234] bm_register_read
[12:16:42.419] [bmv2] [T] [thread 204234] bm_register_read
[12:16:42.419] [bmv2] [T] [thread 204234] bm_register_read
[12:16:42.419] [bmv2] [T] [thread 204234] bm_register_read
[12:16:42.419] [bmv2] [T] [thread 204234] bm_register_read
[12:16:42.419] [bmv2] [T] [thread 204234] bm_register_read
[12:16:42.419] [bmv2] [T] [thread 204234] bm_register_read
[12:16:42.419] [bmv2] [T] [thread 204234] bm_register_read
[12:16:42.419] [bmv2] [T] [thread 204234] bm_register_read
[12:16:42.419] [bmv2] [T] [thread 204234] bm_register_read
[12:16:42.419] [bmv2] [T] [thread 204234] bm_register_read
[12:16:42.419] [bmv2] [T] [thread 204234] bm_register_read
[12:16:42.419] [bmv2] [T] [thread 204234] bm_register_read
[12:16:52.428] [bmv2] [T] [thread 204234] bm_register_read
[12:16:52.428] [bmv2] [T] [thread 204234] bm_register_read
[12:16:52.429] [bmv2] [T] [thread 204234] bm_register_read
[12:16:52.430] [bmv2] [T] [thread 204234] bm_register_read
[12:16:52.431] [bmv2] [T] [thread 204234] bm_register_read
[12:16:52.431] [bmv2] [T] [thread 204234] bm_register_read
[12:16:52.432] [bmv2] [T] [thread 204234] bm_register_read
[12:16:52.433] [bmv2] [T] [thread 204234] bm_register_read
[12:16:52.434] [bmv2] [T] [thread 204234] bm_register_read
[12:16:52.434] [bmv2] [T] [thread 204234] bm_register_read
[12:16:52.434] [bmv2] [T] [thread 204234] bm_register_read
[12:16:52.435] [bmv2] [T] [thread 204234] bm_register_read
[12:16:52.435] [bmv2] [T] [thread 204234] bm_register_read
[12:16:52.435] [bmv2] [T] [thread 204234] bm_register_read
[12:16:52.436] [bmv2] [T] [thread 204234] bm_register_read
[12:16:52.436] [bmv2] [T] [thread 204234] bm_register_read
[12:16:52.437] [bmv2] [T] [thread 204234] bm_register_read
[12:16:52.437] [bmv2] [T] [thread 204234] bm_register_read
[12:16:52.437] [bmv2] [T] [thread 204234] bm_register_read
[12:16:52.437] [bmv2] [T] [thread 204234] bm_register_read
[12:16:52.437] [bmv2] [T] [thread 204234] bm_register_read
[12:16:52.437] [bmv2] [T] [thread 204234] bm_register_read
[12:16:52.437] [bmv2] [T] [thread 204234] bm_register_read
[12:16:52.437] [bmv2] [T] [thread 204234] bm_register_read
[12:16:52.438] [bmv2] [T] [thread 204234] bm_register_read
[12:16:52.438] [bmv2] [T] [thread 204234] bm_register_read
[12:16:52.438] [bmv2] [T] [thread 204234] bm_register_read
[12:16:52.438] [bmv2] [T] [thread 204234] bm_register_read
[12:16:52.438] [bmv2] [T] [thread 204234] bm_register_read
[12:16:52.438] [bmv2] [T] [thread 204234] bm_register_read
[12:16:52.438] [bmv2] [T] [thread 204234] bm_register_read
[12:16:52.438] [bmv2] [T] [thread 204234] bm_register_read
[12:16:52.438] [bmv2] [T] [thread 204234] bm_register_read
[12:16:52.438] [bmv2] [T] [thread 204234] bm_register_read
[12:16:52.438] [bmv2] [T] [thread 204234] bm_register_read
[12:16:52.438] [bmv2] [T] [thread 204234] bm_register_read
[12:16:52.439] [bmv2] [T] [thread 204234] bm_register_read
[12:16:52.439] [bmv2] [T] [thread 204234] bm_register_read
[12:16:52.439] [bmv2] [T] [thread 204234] bm_register_read
[12:16:52.439] [bmv2] [T] [thread 204234] bm_register_read
[12:16:52.439] [bmv2] [T] [thread 204234] bm_register_read
[12:16:52.439] [bmv2] [T] [thread 204234] bm_register_read
[12:16:52.440] [bmv2] [T] [thread 204234] bm_register_read
[12:16:52.440] [bmv2] [T] [thread 204234] bm_register_read
[12:16:52.440] [bmv2] [T] [thread 204234] bm_register_read
[12:16:52.440] [bmv2] [T] [thread 204234] bm_register_read
[12:16:52.440] [bmv2] [T] [thread 204234] bm_register_read
[12:16:52.440] [bmv2] [T] [thread 204234] bm_register_read
[12:16:52.440] [bmv2] [T] [thread 204234] bm_register_read
[12:16:52.440] [bmv2] [T] [thread 204234] bm_register_read
open: No such file or directory
open: No such file or directory
open: No such file or directory
